
state 0
	$accept: .any_command $end 

	SELECT  shift 18
	INSERT  shift 19
	UPDATE  shift 20
	DELETE  shift 21
	DESC  shift 32
	SET  shift 22
	BEGIN  shift 27
	COMMIT  shift 28
	ROLLBACK  shift 29
	REPLACE  shift 30
	ADMIN  shift 33
	SHOW  shift 31
	CREATE  shift 23
	ALTER  shift 24
	DROP  shift 26
	RENAME  shift 25
	.  error

	any_command  goto 1
	command  goto 2
	select_statement  goto 3
	insert_statement  goto 4
	update_statement  goto 5
	delete_statement  goto 6
	set_statement  goto 7
	create_statement  goto 8
	alter_statement  goto 9
	rename_statement  goto 10
	drop_statement  goto 11
	begin_statement  goto 12
	commit_statement  goto 13
	rollback_statement  goto 14
	replace_statement  goto 15
	show_statement  goto 16
	admin_statement  goto 17

state 1
	$accept:  any_command.$end 

	$end  accept
	.  error


state 2
	any_command:  command.    (1)

	.  reduce 1 (src line 168)


state 3
	command:  select_statement.    (2)
	select_statement:  select_statement.union_op select_statement 

	UNION  shift 35
	MINUS  shift 36
	EXCEPT  shift 37
	INTERSECT  shift 38
	.  reduce 2 (src line 174)

	union_op  goto 34

state 4
	command:  insert_statement.    (3)

	.  reduce 3 (src line 179)


state 5
	command:  update_statement.    (4)

	.  reduce 4 (src line 180)


state 6
	command:  delete_statement.    (5)

	.  reduce 5 (src line 181)


state 7
	command:  set_statement.    (6)

	.  reduce 6 (src line 182)


state 8
	command:  create_statement.    (7)

	.  reduce 7 (src line 183)


state 9
	command:  alter_statement.    (8)

	.  reduce 8 (src line 184)


state 10
	command:  rename_statement.    (9)

	.  reduce 9 (src line 185)


state 11
	command:  drop_statement.    (10)

	.  reduce 10 (src line 186)


state 12
	command:  begin_statement.    (11)

	.  reduce 11 (src line 187)


state 13
	command:  commit_statement.    (12)

	.  reduce 12 (src line 188)


state 14
	command:  rollback_statement.    (13)

	.  reduce 13 (src line 189)


state 15
	command:  replace_statement.    (14)

	.  reduce 14 (src line 190)


state 16
	command:  show_statement.    (15)

	.  reduce 15 (src line 191)


state 17
	command:  admin_statement.    (16)

	.  reduce 16 (src line 192)


state 18
	select_statement:  SELECT.comment_opt distinct_opt select_expression_list limit_opt 
	select_statement:  SELECT.comment_opt distinct_opt select_expression_list FROM table_expression_list where_expression_opt group_by_opt having_opt order_by_opt limit_opt lock_opt 
	$$49: .    (49)

	.  reduce 49 (src line 370)

	comment_opt  goto 39
	$$49  goto 40

state 19
	insert_statement:  INSERT.comment_opt INTO dml_table_expression column_list_opt row_list on_dup_opt 
	insert_statement:  INSERT.comment_opt INTO dml_table_expression SET update_list on_dup_opt 
	$$49: .    (49)

	.  reduce 49 (src line 370)

	comment_opt  goto 41
	$$49  goto 40

state 20
	update_statement:  UPDATE.comment_opt dml_table_expression SET update_list where_expression_opt order_by_opt limit_opt 
	$$49: .    (49)

	.  reduce 49 (src line 370)

	comment_opt  goto 42
	$$49  goto 40

state 21
	delete_statement:  DELETE.comment_opt FROM dml_table_expression where_expression_opt order_by_opt limit_opt 
	$$49: .    (49)

	.  reduce 49 (src line 370)

	comment_opt  goto 43
	$$49  goto 40

state 22
	set_statement:  SET.comment_opt update_list 
	set_statement:  SET.comment_opt NAMES ID 
	$$49: .    (49)

	.  reduce 49 (src line 370)

	comment_opt  goto 44
	$$49  goto 40

state 23
	create_statement:  CREATE.DATABASE not_exists_opt ID force_eof 
	create_statement:  CREATE.TABLE not_exists_opt ID force_eof 
	create_statement:  CREATE.constraint_opt INDEX sql_id using_opt ON ID force_eof 
	create_statement:  CREATE.VIEW sql_id force_eof 
	constraint_opt: .    (214)

	TABLE  shift 46
	VIEW  shift 48
	UNIQUE  shift 49
	DATABASE  shift 45
	.  reduce 214 (src line 1109)

	constraint_opt  goto 47

state 24
	alter_statement:  ALTER.ignore_opt TABLE ID non_rename_operation force_eof 
	alter_statement:  ALTER.ignore_opt TABLE ID RENAME to_opt ID 
	alter_statement:  ALTER.VIEW sql_id force_eof 
	ignore_opt: .    (205)

	VIEW  shift 51
	IGNORE  shift 52
	.  reduce 205 (src line 1087)

	ignore_opt  goto 50

state 25
	rename_statement:  RENAME.TABLE ID TO ID 

	TABLE  shift 53
	.  error


state 26
	drop_statement:  DROP.TABLE exists_opt ID 
	drop_statement:  DROP.INDEX sql_id ON ID 
	drop_statement:  DROP.VIEW exists_opt sql_id force_eof 

	TABLE  shift 54
	INDEX  shift 55
	VIEW  shift 56
	.  error


state 27
	begin_statement:  BEGIN.    (28)

	.  reduce 28 (src line 265)


state 28
	commit_statement:  COMMIT.    (29)

	.  reduce 29 (src line 271)


state 29
	rollback_statement:  ROLLBACK.    (30)

	.  reduce 30 (src line 277)


state 30
	replace_statement:  REPLACE.comment_opt INTO dml_table_expression column_list_opt row_list 
	replace_statement:  REPLACE.comment_opt INTO dml_table_expression SET update_list 
	$$49: .    (49)

	.  reduce 49 (src line 370)

	comment_opt  goto 57
	$$49  goto 40

state 31
	show_statement:  SHOW.VARIABLES LIKE value_expression 
	show_statement:  SHOW.STATUS LIKE value_expression 
	show_statement:  SHOW.DATABASES like_or_where_opt 
	show_statement:  SHOW.TABLES from_opt like_or_where_opt 
	show_statement:  SHOW.PROXY sql_id from_opt like_or_where_opt 

	DATABASES  shift 60
	TABLES  shift 61
	PROXY  shift 62
	VARIABLES  shift 58
	STATUS  shift 59
	.  error


state 32
	show_statement:  DESC.ID 

	ID  shift 63
	.  error


state 33
	admin_statement:  ADMIN.sql_id '(' value_expression_list ')' 

	ID  shift 65
	.  error

	sql_id  goto 64

state 34
	select_statement:  select_statement union_op.select_statement 

	SELECT  shift 18
	.  error

	select_statement  goto 66

state 35
	union_op:  UNION.    (53)
	union_op:  UNION.ALL 

	ALL  shift 67
	.  reduce 53 (src line 389)


state 36
	union_op:  MINUS.    (55)

	.  reduce 55 (src line 398)


state 37
	union_op:  EXCEPT.    (56)

	.  reduce 56 (src line 402)


state 38
	union_op:  INTERSECT.    (57)

	.  reduce 57 (src line 406)


state 39
	select_statement:  SELECT comment_opt.distinct_opt select_expression_list limit_opt 
	select_statement:  SELECT comment_opt.distinct_opt select_expression_list FROM table_expression_list where_expression_opt group_by_opt having_opt order_by_opt limit_opt lock_opt 
	distinct_opt: .    (58)

	DISTINCT  shift 69
	.  reduce 58 (src line 411)

	distinct_opt  goto 68

state 40
	comment_opt:  $$49.comment_list 
	comment_list: .    (51)

	.  reduce 51 (src line 380)

	comment_list  goto 70

state 41
	insert_statement:  INSERT comment_opt.INTO dml_table_expression column_list_opt row_list on_dup_opt 
	insert_statement:  INSERT comment_opt.INTO dml_table_expression SET update_list on_dup_opt 

	INTO  shift 71
	.  error


state 42
	update_statement:  UPDATE comment_opt.dml_table_expression SET update_list where_expression_opt order_by_opt limit_opt 

	ID  shift 73
	.  error

	dml_table_expression  goto 72

state 43
	delete_statement:  DELETE comment_opt.FROM dml_table_expression where_expression_opt order_by_opt limit_opt 

	FROM  shift 74
	.  error


state 44
	set_statement:  SET comment_opt.update_list 
	set_statement:  SET comment_opt.NAMES ID 

	ID  shift 80
	NAMES  shift 76
	.  error

	column_name  goto 78
	update_list  goto 75
	update_expression  goto 77
	sql_id  goto 79

state 45
	create_statement:  CREATE DATABASE.not_exists_opt ID force_eof 
	not_exists_opt: .    (203)

	IF  shift 82
	.  reduce 203 (src line 1082)

	not_exists_opt  goto 81

state 46
	create_statement:  CREATE TABLE.not_exists_opt ID force_eof 
	not_exists_opt: .    (203)

	IF  shift 82
	.  reduce 203 (src line 1082)

	not_exists_opt  goto 83

state 47
	create_statement:  CREATE constraint_opt.INDEX sql_id using_opt ON ID force_eof 

	INDEX  shift 84
	.  error


state 48
	create_statement:  CREATE VIEW.sql_id force_eof 

	ID  shift 65
	.  error

	sql_id  goto 85

state 49
	constraint_opt:  UNIQUE.    (215)

	.  reduce 215 (src line 1111)


state 50
	alter_statement:  ALTER ignore_opt.TABLE ID non_rename_operation force_eof 
	alter_statement:  ALTER ignore_opt.TABLE ID RENAME to_opt ID 

	TABLE  shift 86
	.  error


state 51
	alter_statement:  ALTER VIEW.sql_id force_eof 

	ID  shift 65
	.  error

	sql_id  goto 87

state 52
	ignore_opt:  IGNORE.    (206)

	.  reduce 206 (src line 1089)


state 53
	rename_statement:  RENAME TABLE.ID TO ID 

	ID  shift 88
	.  error


state 54
	drop_statement:  DROP TABLE.exists_opt ID 
	exists_opt: .    (201)

	IF  shift 90
	.  reduce 201 (src line 1077)

	exists_opt  goto 89

state 55
	drop_statement:  DROP INDEX.sql_id ON ID 

	ID  shift 65
	.  error

	sql_id  goto 91

state 56
	drop_statement:  DROP VIEW.exists_opt sql_id force_eof 
	exists_opt: .    (201)

	IF  shift 90
	.  reduce 201 (src line 1077)

	exists_opt  goto 92

state 57
	replace_statement:  REPLACE comment_opt.INTO dml_table_expression column_list_opt row_list 
	replace_statement:  REPLACE comment_opt.INTO dml_table_expression SET update_list 

	INTO  shift 93
	.  error


state 58
	show_statement:  SHOW VARIABLES.LIKE value_expression 

	LIKE  shift 94
	.  error


state 59
	show_statement:  SHOW STATUS.LIKE value_expression 

	LIKE  shift 95
	.  error


state 60
	show_statement:  SHOW DATABASES.like_or_where_opt 
	like_or_where_opt: .    (101)

	WHERE  shift 97
	LIKE  shift 98
	.  reduce 101 (src line 606)

	like_or_where_opt  goto 96

state 61
	show_statement:  SHOW TABLES.from_opt like_or_where_opt 
	from_opt: .    (104)

	FROM  shift 100
	.  reduce 104 (src line 619)

	from_opt  goto 99

state 62
	show_statement:  SHOW PROXY.sql_id from_opt like_or_where_opt 

	ID  shift 65
	.  error

	sql_id  goto 101

state 63
	show_statement:  DESC ID.    (34)

	.  reduce 34 (src line 298)


state 64
	admin_statement:  ADMIN sql_id.'(' value_expression_list ')' 

	'('  shift 102
	.  error


state 65
	sql_id:  ID.    (218)

	.  reduce 218 (src line 1119)


state 66
	select_statement:  select_statement.union_op select_statement 
	select_statement:  select_statement union_op select_statement.    (19)

	.  reduce 19 (src line 203)

	union_op  goto 34

state 67
	union_op:  UNION ALL.    (54)

	.  reduce 54 (src line 394)


state 68
	select_statement:  SELECT comment_opt distinct_opt.select_expression_list limit_opt 
	select_statement:  SELECT comment_opt distinct_opt.select_expression_list FROM table_expression_list where_expression_opt group_by_opt having_opt order_by_opt limit_opt lock_opt 

	EXISTS  shift 120
	NULL  shift 124
	VALUES  shift 130
	ID  shift 107
	STRING  shift 121
	NUMBER  shift 122
	VALUE_ARG  shift 123
	'('  shift 112
	'~'  shift 128
	NOT  shift 111
	'+'  shift 126
	'-'  shift 127
	'*'  shift 105
	CASE  shift 131
	IF  shift 129
	.  error

	select_expression_list  goto 103
	select_expression  goto 104
	expression  goto 106
	boolean_expression  goto 108
	condition  goto 110
	value  goto 113
	value_expression  goto 109
	tuple  goto 115
	keyword_as_func  goto 118
	subquery  goto 125
	unary_operator  goto 116
	column_name  goto 114
	case_expression  goto 119
	sql_id  goto 117

state 69
	distinct_opt:  DISTINCT.    (59)

	.  reduce 59 (src line 415)


state 70
	comment_opt:  $$49 comment_list.    (50)
	comment_list:  comment_list.COMMENT 

	COMMENT  shift 132
	.  reduce 50 (src line 374)


state 71
	insert_statement:  INSERT comment_opt INTO.dml_table_expression column_list_opt row_list on_dup_opt 
	insert_statement:  INSERT comment_opt INTO.dml_table_expression SET update_list on_dup_opt 

	ID  shift 73
	.  error

	dml_table_expression  goto 133

state 72
	update_statement:  UPDATE comment_opt dml_table_expression.SET update_list where_expression_opt order_by_opt limit_opt 

	SET  shift 134
	.  error


state 73
	dml_table_expression:  ID.    (91)
	dml_table_expression:  ID.'.' ID 

	'.'  shift 135
	.  reduce 91 (src line 560)


state 74
	delete_statement:  DELETE comment_opt FROM.dml_table_expression where_expression_opt order_by_opt limit_opt 

	ID  shift 73
	.  error

	dml_table_expression  goto 136

state 75
	set_statement:  SET comment_opt update_list.    (26)
	update_list:  update_list.',' update_expression 

	','  shift 137
	.  reduce 26 (src line 254)


state 76
	set_statement:  SET comment_opt NAMES.ID 

	ID  shift 138
	.  error


state 77
	update_list:  update_expression.    (197)

	.  reduce 197 (src line 1056)


state 78
	update_expression:  column_name.'=' value_expression 
	update_expression:  column_name.'=' ON 

	'='  shift 139
	.  error


state 79
	column_name:  sql_id.    (167)

	.  reduce 167 (src line 910)


state 80
	column_name:  ID.'.' sql_id 
	sql_id:  ID.    (218)

	'.'  shift 140
	.  reduce 218 (src line 1119)


state 81
	create_statement:  CREATE DATABASE not_exists_opt.ID force_eof 

	ID  shift 141
	.  error


state 82
	not_exists_opt:  IF.NOT EXISTS 

	NOT  shift 142
	.  error


state 83
	create_statement:  CREATE TABLE not_exists_opt.ID force_eof 

	ID  shift 143
	.  error


state 84
	create_statement:  CREATE constraint_opt INDEX.sql_id using_opt ON ID force_eof 

	ID  shift 65
	.  error

	sql_id  goto 144

state 85
	create_statement:  CREATE VIEW sql_id.force_eof 
	force_eof: .    (219)

	.  reduce 219 (src line 1125)

	force_eof  goto 145

state 86
	alter_statement:  ALTER ignore_opt TABLE.ID non_rename_operation force_eof 
	alter_statement:  ALTER ignore_opt TABLE.ID RENAME to_opt ID 

	ID  shift 146
	.  error


state 87
	alter_statement:  ALTER VIEW sql_id.force_eof 
	force_eof: .    (219)

	.  reduce 219 (src line 1125)

	force_eof  goto 147

state 88
	rename_statement:  RENAME TABLE ID.TO ID 

	TO  shift 148
	.  error


state 89
	drop_statement:  DROP TABLE exists_opt.ID 

	ID  shift 149
	.  error


state 90
	exists_opt:  IF.EXISTS 

	EXISTS  shift 150
	.  error


state 91
	drop_statement:  DROP INDEX sql_id.ON ID 

	ON  shift 151
	.  error


state 92
	drop_statement:  DROP VIEW exists_opt.sql_id force_eof 

	ID  shift 65
	.  error

	sql_id  goto 152

state 93
	replace_statement:  REPLACE comment_opt INTO.dml_table_expression column_list_opt row_list 
	replace_statement:  REPLACE comment_opt INTO.dml_table_expression SET update_list 

	ID  shift 73
	.  error

	dml_table_expression  goto 153

state 94
	show_statement:  SHOW VARIABLES LIKE.value_expression 

	NULL  shift 124
	VALUES  shift 130
	ID  shift 80
	STRING  shift 121
	NUMBER  shift 122
	VALUE_ARG  shift 123
	'('  shift 155
	'~'  shift 128
	'+'  shift 126
	'-'  shift 127
	CASE  shift 131
	IF  shift 129
	.  error

	value  goto 113
	value_expression  goto 154
	tuple  goto 115
	keyword_as_func  goto 118
	subquery  goto 125
	unary_operator  goto 116
	column_name  goto 114
	case_expression  goto 119
	sql_id  goto 117

state 95
	show_statement:  SHOW STATUS LIKE.value_expression 

	NULL  shift 124
	VALUES  shift 130
	ID  shift 80
	STRING  shift 121
	NUMBER  shift 122
	VALUE_ARG  shift 123
	'('  shift 155
	'~'  shift 128
	'+'  shift 126
	'-'  shift 127
	CASE  shift 131
	IF  shift 129
	.  error

	value  goto 113
	value_expression  goto 156
	tuple  goto 115
	keyword_as_func  goto 118
	subquery  goto 125
	unary_operator  goto 116
	column_name  goto 114
	case_expression  goto 119
	sql_id  goto 117

state 96
	show_statement:  SHOW DATABASES like_or_where_opt.    (35)

	.  reduce 35 (src line 302)


state 97
	like_or_where_opt:  WHERE.boolean_expression 

	EXISTS  shift 120
	NULL  shift 124
	VALUES  shift 130
	ID  shift 80
	STRING  shift 121
	NUMBER  shift 122
	VALUE_ARG  shift 123
	'('  shift 112
	'~'  shift 128
	NOT  shift 111
	'+'  shift 126
	'-'  shift 127
	CASE  shift 131
	IF  shift 129
	.  error

	boolean_expression  goto 157
	condition  goto 110
	value  goto 113
	value_expression  goto 158
	tuple  goto 115
	keyword_as_func  goto 118
	subquery  goto 125
	unary_operator  goto 116
	column_name  goto 114
	case_expression  goto 119
	sql_id  goto 117

state 98
	like_or_where_opt:  LIKE.value_expression 

	NULL  shift 124
	VALUES  shift 130
	ID  shift 80
	STRING  shift 121
	NUMBER  shift 122
	VALUE_ARG  shift 123
	'('  shift 155
	'~'  shift 128
	'+'  shift 126
	'-'  shift 127
	CASE  shift 131
	IF  shift 129
	.  error

	value  goto 113
	value_expression  goto 159
	tuple  goto 115
	keyword_as_func  goto 118
	subquery  goto 125
	unary_operator  goto 116
	column_name  goto 114
	case_expression  goto 119
	sql_id  goto 117

state 99
	show_statement:  SHOW TABLES from_opt.like_or_where_opt 
	like_or_where_opt: .    (101)

	WHERE  shift 97
	LIKE  shift 98
	.  reduce 101 (src line 606)

	like_or_where_opt  goto 160

state 100
	from_opt:  FROM.value_expression 

	NULL  shift 124
	VALUES  shift 130
	ID  shift 80
	STRING  shift 121
	NUMBER  shift 122
	VALUE_ARG  shift 123
	'('  shift 155
	'~'  shift 128
	'+'  shift 126
	'-'  shift 127
	CASE  shift 131
	IF  shift 129
	.  error

	value  goto 113
	value_expression  goto 161
	tuple  goto 115
	keyword_as_func  goto 118
	subquery  goto 125
	unary_operator  goto 116
	column_name  goto 114
	case_expression  goto 119
	sql_id  goto 117

state 101
	show_statement:  SHOW PROXY sql_id.from_opt like_or_where_opt 
	from_opt: .    (104)

	FROM  shift 100
	.  reduce 104 (src line 619)

	from_opt  goto 162

state 102
	admin_statement:  ADMIN sql_id '('.value_expression_list ')' 

	NULL  shift 124
	VALUES  shift 130
	ID  shift 80
	STRING  shift 121
	NUMBER  shift 122
	VALUE_ARG  shift 123
	'('  shift 155
	'~'  shift 128
	'+'  shift 126
	'-'  shift 127
	CASE  shift 131
	IF  shift 129
	.  error

	value  goto 113
	value_expression  goto 164
	tuple  goto 115
	value_expression_list  goto 163
	keyword_as_func  goto 118
	subquery  goto 125
	unary_operator  goto 116
	column_name  goto 114
	case_expression  goto 119
	sql_id  goto 117

state 103
	select_statement:  SELECT comment_opt distinct_opt select_expression_list.limit_opt 
	select_statement:  SELECT comment_opt distinct_opt select_expression_list.FROM table_expression_list where_expression_opt group_by_opt having_opt order_by_opt limit_opt lock_opt 
	select_expression_list:  select_expression_list.',' select_expression 
	limit_opt: .    (185)

	FROM  shift 166
	LIMIT  shift 168
	','  shift 167
	.  reduce 185 (src line 994)

	limit_opt  goto 165

state 104
	select_expression_list:  select_expression.    (60)

	.  reduce 60 (src line 420)


state 105
	select_expression:  '*'.    (62)

	.  reduce 62 (src line 430)


state 106
	select_expression:  expression.as_lower_opt 
	as_lower_opt: .    (67)

	AS  shift 171
	ID  shift 65
	.  reduce 67 (src line 454)

	as_lower_opt  goto 169
	sql_id  goto 170

state 107
	select_expression:  ID.'.' '*' 
	column_name:  ID.'.' sql_id 
	sql_id:  ID.    (218)

	'.'  shift 172
	.  reduce 218 (src line 1119)


state 108
	expression:  boolean_expression.    (65)
	boolean_expression:  boolean_expression.AND boolean_expression 
	boolean_expression:  boolean_expression.OR boolean_expression 

	AND  shift 173
	OR  shift 174
	.  reduce 65 (src line 444)


state 109
	expression:  value_expression.    (66)
	condition:  value_expression.compare value_expression 
	condition:  value_expression.IN tuple 
	condition:  value_expression.NOT IN tuple 
	condition:  value_expression.LIKE value_expression 
	condition:  value_expression.NOT LIKE value_expression 
	condition:  value_expression.BETWEEN value_expression AND value_expression 
	condition:  value_expression.NOT BETWEEN value_expression AND value_expression 
	condition:  value_expression.IS NULL 
	condition:  value_expression.IS NOT NULL 
	value_expression:  value_expression.'&' value_expression 
	value_expression:  value_expression.'|' value_expression 
	value_expression:  value_expression.'^' value_expression 
	value_expression:  value_expression.'+' value_expression 
	value_expression:  value_expression.'-' value_expression 
	value_expression:  value_expression.'*' value_expression 
	value_expression:  value_expression.'/' value_expression 
	value_expression:  value_expression.'%' value_expression 

	IN  shift 176
	IS  shift 180
	LIKE  shift 178
	BETWEEN  shift 179
	LE  shift 192
	GE  shift 193
	NE  shift 194
	NULL_SAFE_EQUAL  shift 195
	'='  shift 189
	'<'  shift 190
	'>'  shift 191
	NOT  shift 177
	'&'  shift 181
	'|'  shift 182
	'^'  shift 183
	'+'  shift 184
	'-'  shift 185
	'*'  shift 186
	'/'  shift 187
	'%'  shift 188
	.  reduce 66 (src line 449)

	compare  goto 175

state 110
	boolean_expression:  condition.    (106)

	.  reduce 106 (src line 628)


state 111
	boolean_expression:  NOT.boolean_expression 

	EXISTS  shift 120
	NULL  shift 124
	VALUES  shift 130
	ID  shift 80
	STRING  shift 121
	NUMBER  shift 122
	VALUE_ARG  shift 123
	'('  shift 112
	'~'  shift 128
	NOT  shift 111
	'+'  shift 126
	'-'  shift 127
	CASE  shift 131
	IF  shift 129
	.  error

	boolean_expression  goto 196
	condition  goto 110
	value  goto 113
	value_expression  goto 158
	tuple  goto 115
	keyword_as_func  goto 118
	subquery  goto 125
	unary_operator  goto 116
	column_name  goto 114
	case_expression  goto 119
	sql_id  goto 117

state 112
	boolean_expression:  '('.boolean_expression ')' 
	tuple:  '('.value_expression_list ')' 
	subquery:  '('.select_statement ')' 

	SELECT  shift 18
	EXISTS  shift 120
	NULL  shift 124
	VALUES  shift 130
	ID  shift 80
	STRING  shift 121
	NUMBER  shift 122
	VALUE_ARG  shift 123
	'('  shift 112
	'~'  shift 128
	NOT  shift 111
	'+'  shift 126
	'-'  shift 127
	CASE  shift 131
	IF  shift 129
	.  error

	select_statement  goto 199
	boolean_expression  goto 197
	condition  goto 110
	value  goto 113
	value_expression  goto 200
	tuple  goto 115
	value_expression_list  goto 198
	keyword_as_func  goto 118
	subquery  goto 125
	unary_operator  goto 116
	column_name  goto 114
	case_expression  goto 119
	sql_id  goto 117

state 113
	value_expression:  value.    (137)

	.  reduce 137 (src line 765)


state 114
	value_expression:  column_name.    (138)

	.  reduce 138 (src line 770)


state 115
	value_expression:  tuple.    (139)

	.  reduce 139 (src line 774)


state 116
	value_expression:  unary_operator.value_expression 

	NULL  shift 124
	VALUES  shift 130
	ID  shift 80
	STRING  shift 121
	NUMBER  shift 122
	VALUE_ARG  shift 123
	'('  shift 155
	'~'  shift 128
	'+'  shift 126
	'-'  shift 127
	CASE  shift 131
	IF  shift 129
	.  error

	value  goto 113
	value_expression  goto 201
	tuple  goto 115
	keyword_as_func  goto 118
	subquery  goto 125
	unary_operator  goto 116
	column_name  goto 114
	case_expression  goto 119
	sql_id  goto 117

state 117
	value_expression:  sql_id.'(' ')' 
	value_expression:  sql_id.'(' select_expression_list ')' 
	value_expression:  sql_id.'(' DISTINCT select_expression_list ')' 
	column_name:  sql_id.    (167)

	'('  shift 202
	.  reduce 167 (src line 910)


state 118
	value_expression:  keyword_as_func.'(' select_expression_list ')' 

	'('  shift 203
	.  error


state 119
	value_expression:  case_expression.    (153)

	.  reduce 153 (src line 841)


state 120
	condition:  EXISTS.subquery 

	'('  shift 205
	.  error

	subquery  goto 204

state 121
	value:  STRING.    (169)

	.  reduce 169 (src line 920)


state 122
	value:  NUMBER.    (170)

	.  reduce 170 (src line 925)


state 123
	value:  VALUE_ARG.    (171)

	.  reduce 171 (src line 929)


state 124
	value:  NULL.    (172)

	.  reduce 172 (src line 933)


state 125
	tuple:  subquery.    (133)

	.  reduce 133 (src line 744)


state 126
	unary_operator:  '+'.    (156)

	.  reduce 156 (src line 856)


state 127
	unary_operator:  '-'.    (157)

	.  reduce 157 (src line 861)


state 128
	unary_operator:  '~'.    (158)

	.  reduce 158 (src line 865)


state 129
	keyword_as_func:  IF.    (154)

	.  reduce 154 (src line 846)


state 130
	keyword_as_func:  VALUES.    (155)

	.  reduce 155 (src line 851)


state 131
	case_expression:  CASE.value_expression_opt when_expression_list else_expression_opt END 
	value_expression_opt: .    (160)

	NULL  shift 124
	VALUES  shift 130
	ID  shift 80
	STRING  shift 121
	NUMBER  shift 122
	VALUE_ARG  shift 123
	'('  shift 155
	'~'  shift 128
	'+'  shift 126
	'-'  shift 127
	CASE  shift 131
	IF  shift 129
	.  reduce 160 (src line 876)

	value  goto 113
	value_expression  goto 207
	tuple  goto 115
	keyword_as_func  goto 118
	subquery  goto 125
	unary_operator  goto 116
	column_name  goto 114
	case_expression  goto 119
	value_expression_opt  goto 206
	sql_id  goto 117

state 132
	comment_list:  comment_list COMMENT.    (52)

	.  reduce 52 (src line 384)


state 133
	insert_statement:  INSERT comment_opt INTO dml_table_expression.column_list_opt row_list on_dup_opt 
	insert_statement:  INSERT comment_opt INTO dml_table_expression.SET update_list on_dup_opt 
	column_list_opt: .    (191)

	SET  shift 209
	'('  shift 210
	.  reduce 191 (src line 1028)

	column_list_opt  goto 208

state 134
	update_statement:  UPDATE comment_opt dml_table_expression SET.update_list where_expression_opt order_by_opt limit_opt 

	ID  shift 80
	.  error

	column_name  goto 78
	update_list  goto 211
	update_expression  goto 77
	sql_id  goto 79

state 135
	dml_table_expression:  ID '.'.ID 

	ID  shift 212
	.  error


state 136
	delete_statement:  DELETE comment_opt FROM dml_table_expression.where_expression_opt order_by_opt limit_opt 
	where_expression_opt: .    (99)

	WHERE  shift 214
	.  reduce 99 (src line 597)

	where_expression_opt  goto 213

state 137
	update_list:  update_list ','.update_expression 

	ID  shift 80
	.  error

	column_name  goto 78
	update_expression  goto 215
	sql_id  goto 79

state 138
	set_statement:  SET comment_opt NAMES ID.    (27)

	.  reduce 27 (src line 260)


state 139
	update_expression:  column_name '='.value_expression 
	update_expression:  column_name '='.ON 

	NULL  shift 124
	VALUES  shift 130
	ID  shift 80
	STRING  shift 121
	NUMBER  shift 122
	VALUE_ARG  shift 123
	'('  shift 155
	'~'  shift 128
	ON  shift 217
	'+'  shift 126
	'-'  shift 127
	CASE  shift 131
	IF  shift 129
	.  error

	value  goto 113
	value_expression  goto 216
	tuple  goto 115
	keyword_as_func  goto 118
	subquery  goto 125
	unary_operator  goto 116
	column_name  goto 114
	case_expression  goto 119
	sql_id  goto 117

state 140
	column_name:  ID '.'.sql_id 

	ID  shift 65
	.  error

	sql_id  goto 218

state 141
	create_statement:  CREATE DATABASE not_exists_opt ID.force_eof 
	force_eof: .    (219)

	.  reduce 219 (src line 1125)

	force_eof  goto 219

state 142
	not_exists_opt:  IF NOT.EXISTS 

	EXISTS  shift 220
	.  error


state 143
	create_statement:  CREATE TABLE not_exists_opt ID.force_eof 
	force_eof: .    (219)

	.  reduce 219 (src line 1125)

	force_eof  goto 221

state 144
	create_statement:  CREATE constraint_opt INDEX sql_id.using_opt ON ID force_eof 
	using_opt: .    (216)

	USING  shift 223
	.  reduce 216 (src line 1114)

	using_opt  goto 222

state 145
	create_statement:  CREATE VIEW sql_id force_eof.    (41)

	.  reduce 41 (src line 329)


state 146
	alter_statement:  ALTER ignore_opt TABLE ID.non_rename_operation force_eof 
	alter_statement:  ALTER ignore_opt TABLE ID.RENAME to_opt ID 

	ORDER  shift 229
	DEFAULT  shift 227
	ID  shift 230
	ALTER  shift 226
	DROP  shift 228
	RENAME  shift 225
	.  error

	non_rename_operation  goto 224

state 147
	alter_statement:  ALTER VIEW sql_id force_eof.    (44)

	.  reduce 44 (src line 344)


state 148
	rename_statement:  RENAME TABLE ID TO.ID 

	ID  shift 231
	.  error


state 149
	drop_statement:  DROP TABLE exists_opt ID.    (46)

	.  reduce 46 (src line 355)


state 150
	exists_opt:  IF EXISTS.    (202)

	.  reduce 202 (src line 1079)


state 151
	drop_statement:  DROP INDEX sql_id ON.ID 

	ID  shift 232
	.  error


state 152
	drop_statement:  DROP VIEW exists_opt sql_id.force_eof 
	force_eof: .    (219)

	.  reduce 219 (src line 1125)

	force_eof  goto 233

state 153
	replace_statement:  REPLACE comment_opt INTO dml_table_expression.column_list_opt row_list 
	replace_statement:  REPLACE comment_opt INTO dml_table_expression.SET update_list 
	column_list_opt: .    (191)

	SET  shift 235
	'('  shift 210
	.  reduce 191 (src line 1028)

	column_list_opt  goto 234

state 154
	show_statement:  SHOW VARIABLES LIKE value_expression.    (32)
	value_expression:  value_expression.'&' value_expression 
	value_expression:  value_expression.'|' value_expression 
	value_expression:  value_expression.'^' value_expression 
	value_expression:  value_expression.'+' value_expression 
	value_expression:  value_expression.'-' value_expression 
	value_expression:  value_expression.'*' value_expression 
	value_expression:  value_expression.'/' value_expression 
	value_expression:  value_expression.'%' value_expression 

	'&'  shift 181
	'|'  shift 182
	'^'  shift 183
	'+'  shift 184
	'-'  shift 185
	'*'  shift 186
	'/'  shift 187
	'%'  shift 188
	.  reduce 32 (src line 289)


state 155
	tuple:  '('.value_expression_list ')' 
	subquery:  '('.select_statement ')' 

	SELECT  shift 18
	NULL  shift 124
	VALUES  shift 130
	ID  shift 80
	STRING  shift 121
	NUMBER  shift 122
	VALUE_ARG  shift 123
	'('  shift 155
	'~'  shift 128
	'+'  shift 126
	'-'  shift 127
	CASE  shift 131
	IF  shift 129
	.  error

	select_statement  goto 199
	value  goto 113
	value_expression  goto 164
	tuple  goto 115
	value_expression_list  goto 198
	keyword_as_func  goto 118
	subquery  goto 125
	unary_operator  goto 116
	column_name  goto 114
	case_expression  goto 119
	sql_id  goto 117

state 156
	show_statement:  SHOW STATUS LIKE value_expression.    (33)
	value_expression:  value_expression.'&' value_expression 
	value_expression:  value_expression.'|' value_expression 
	value_expression:  value_expression.'^' value_expression 
	value_expression:  value_expression.'+' value_expression 
	value_expression:  value_expression.'-' value_expression 
	value_expression:  value_expression.'*' value_expression 
	value_expression:  value_expression.'/' value_expression 
	value_expression:  value_expression.'%' value_expression 

	'&'  shift 181
	'|'  shift 182
	'^'  shift 183
	'+'  shift 184
	'-'  shift 185
	'*'  shift 186
	'/'  shift 187
	'%'  shift 188
	.  reduce 33 (src line 294)


state 157
	like_or_where_opt:  WHERE boolean_expression.    (102)
	boolean_expression:  boolean_expression.AND boolean_expression 
	boolean_expression:  boolean_expression.OR boolean_expression 

	AND  shift 173
	OR  shift 174
	.  reduce 102 (src line 610)


state 158
	condition:  value_expression.compare value_expression 
	condition:  value_expression.IN tuple 
	condition:  value_expression.NOT IN tuple 
	condition:  value_expression.LIKE value_expression 
	condition:  value_expression.NOT LIKE value_expression 
	condition:  value_expression.BETWEEN value_expression AND value_expression 
	condition:  value_expression.NOT BETWEEN value_expression AND value_expression 
	condition:  value_expression.IS NULL 
	condition:  value_expression.IS NOT NULL 
	value_expression:  value_expression.'&' value_expression 
	value_expression:  value_expression.'|' value_expression 
	value_expression:  value_expression.'^' value_expression 
	value_expression:  value_expression.'+' value_expression 
	value_expression:  value_expression.'-' value_expression 
	value_expression:  value_expression.'*' value_expression 
	value_expression:  value_expression.'/' value_expression 
	value_expression:  value_expression.'%' value_expression 

	IN  shift 176
	IS  shift 180
	LIKE  shift 178
	BETWEEN  shift 179
	LE  shift 192
	GE  shift 193
	NE  shift 194
	NULL_SAFE_EQUAL  shift 195
	'='  shift 189
	'<'  shift 190
	'>'  shift 191
	NOT  shift 177
	'&'  shift 181
	'|'  shift 182
	'^'  shift 183
	'+'  shift 184
	'-'  shift 185
	'*'  shift 186
	'/'  shift 187
	'%'  shift 188
	.  error

	compare  goto 175

state 159
	like_or_where_opt:  LIKE value_expression.    (103)
	value_expression:  value_expression.'&' value_expression 
	value_expression:  value_expression.'|' value_expression 
	value_expression:  value_expression.'^' value_expression 
	value_expression:  value_expression.'+' value_expression 
	value_expression:  value_expression.'-' value_expression 
	value_expression:  value_expression.'*' value_expression 
	value_expression:  value_expression.'/' value_expression 
	value_expression:  value_expression.'%' value_expression 

	'&'  shift 181
	'|'  shift 182
	'^'  shift 183
	'+'  shift 184
	'-'  shift 185
	'*'  shift 186
	'/'  shift 187
	'%'  shift 188
	.  reduce 103 (src line 614)


state 160
	show_statement:  SHOW TABLES from_opt like_or_where_opt.    (36)

	.  reduce 36 (src line 306)


state 161
	from_opt:  FROM value_expression.    (105)
	value_expression:  value_expression.'&' value_expression 
	value_expression:  value_expression.'|' value_expression 
	value_expression:  value_expression.'^' value_expression 
	value_expression:  value_expression.'+' value_expression 
	value_expression:  value_expression.'-' value_expression 
	value_expression:  value_expression.'*' value_expression 
	value_expression:  value_expression.'/' value_expression 
	value_expression:  value_expression.'%' value_expression 

	'&'  shift 181
	'|'  shift 182
	'^'  shift 183
	'+'  shift 184
	'-'  shift 185
	'*'  shift 186
	'/'  shift 187
	'%'  shift 188
	.  reduce 105 (src line 623)


state 162
	show_statement:  SHOW PROXY sql_id from_opt.like_or_where_opt 
	like_or_where_opt: .    (101)

	WHERE  shift 97
	LIKE  shift 98
	.  reduce 101 (src line 606)

	like_or_where_opt  goto 236

state 163
	admin_statement:  ADMIN sql_id '(' value_expression_list.')' 
	value_expression_list:  value_expression_list.',' value_expression 

	','  shift 238
	')'  shift 237
	.  error


state 164
	value_expression_list:  value_expression.    (135)
	value_expression:  value_expression.'&' value_expression 
	value_expression:  value_expression.'|' value_expression 
	value_expression:  value_expression.'^' value_expression 
	value_expression:  value_expression.'+' value_expression 
	value_expression:  value_expression.'-' value_expression 
	value_expression:  value_expression.'*' value_expression 
	value_expression:  value_expression.'/' value_expression 
	value_expression:  value_expression.'%' value_expression 

	'&'  shift 181
	'|'  shift 182
	'^'  shift 183
	'+'  shift 184
	'-'  shift 185
	'*'  shift 186
	'/'  shift 187
	'%'  shift 188
	.  reduce 135 (src line 755)


state 165
	select_statement:  SELECT comment_opt distinct_opt select_expression_list limit_opt.    (17)

	.  reduce 17 (src line 194)


state 166
	select_statement:  SELECT comment_opt distinct_opt select_expression_list FROM.table_expression_list where_expression_opt group_by_opt having_opt order_by_opt limit_opt lock_opt 

	ID  shift 243
	'('  shift 242
	.  error

	table_expression_list  goto 239
	table_expression  goto 240
	simple_table_expression  goto 241
	subquery  goto 244

state 167
	select_expression_list:  select_expression_list ','.select_expression 

	EXISTS  shift 120
	NULL  shift 124
	VALUES  shift 130
	ID  shift 107
	STRING  shift 121
	NUMBER  shift 122
	VALUE_ARG  shift 123
	'('  shift 112
	'~'  shift 128
	NOT  shift 111
	'+'  shift 126
	'-'  shift 127
	'*'  shift 105
	CASE  shift 131
	IF  shift 129
	.  error

	select_expression  goto 245
	expression  goto 106
	boolean_expression  goto 108
	condition  goto 110
	value  goto 113
	value_expression  goto 109
	tuple  goto 115
	keyword_as_func  goto 118
	subquery  goto 125
	unary_operator  goto 116
	column_name  goto 114
	case_expression  goto 119
	sql_id  goto 117

state 168
	limit_opt:  LIMIT.value_expression 
	limit_opt:  LIMIT.value_expression ',' value_expression 

	NULL  shift 124
	VALUES  shift 130
	ID  shift 80
	STRING  shift 121
	NUMBER  shift 122
	VALUE_ARG  shift 123
	'('  shift 155
	'~'  shift 128
	'+'  shift 126
	'-'  shift 127
	CASE  shift 131
	IF  shift 129
	.  error

	value  goto 113
	value_expression  goto 246
	tuple  goto 115
	keyword_as_func  goto 118
	subquery  goto 125
	unary_operator  goto 116
	column_name  goto 114
	case_expression  goto 119
	sql_id  goto 117

state 169
	select_expression:  expression as_lower_opt.    (63)

	.  reduce 63 (src line 435)


state 170
	as_lower_opt:  sql_id.    (68)

	.  reduce 68 (src line 458)


state 171
	as_lower_opt:  AS.sql_id 

	ID  shift 65
	.  error

	sql_id  goto 247

state 172
	select_expression:  ID '.'.'*' 
	column_name:  ID '.'.sql_id 

	ID  shift 65
	'*'  shift 248
	.  error

	sql_id  goto 218

state 173
	boolean_expression:  boolean_expression AND.boolean_expression 

	EXISTS  shift 120
	NULL  shift 124
	VALUES  shift 130
	ID  shift 80
	STRING  shift 121
	NUMBER  shift 122
	VALUE_ARG  shift 123
	'('  shift 112
	'~'  shift 128
	NOT  shift 111
	'+'  shift 126
	'-'  shift 127
	CASE  shift 131
	IF  shift 129
	.  error

	boolean_expression  goto 249
	condition  goto 110
	value  goto 113
	value_expression  goto 158
	tuple  goto 115
	keyword_as_func  goto 118
	subquery  goto 125
	unary_operator  goto 116
	column_name  goto 114
	case_expression  goto 119
	sql_id  goto 117

state 174
	boolean_expression:  boolean_expression OR.boolean_expression 

	EXISTS  shift 120
	NULL  shift 124
	VALUES  shift 130
	ID  shift 80
	STRING  shift 121
	NUMBER  shift 122
	VALUE_ARG  shift 123
	'('  shift 112
	'~'  shift 128
	NOT  shift 111
	'+'  shift 126
	'-'  shift 127
	CASE  shift 131
	IF  shift 129
	.  error

	boolean_expression  goto 250
	condition  goto 110
	value  goto 113
	value_expression  goto 158
	tuple  goto 115
	keyword_as_func  goto 118
	subquery  goto 125
	unary_operator  goto 116
	column_name  goto 114
	case_expression  goto 119
	sql_id  goto 117

state 175
	condition:  value_expression compare.value_expression 

	NULL  shift 124
	VALUES  shift 130
	ID  shift 80
	STRING  shift 121
	NUMBER  shift 122
	VALUE_ARG  shift 123
	'('  shift 155
	'~'  shift 128
	'+'  shift 126
	'-'  shift 127
	CASE  shift 131
	IF  shift 129
	.  error

	value  goto 113
	value_expression  goto 251
	tuple  goto 115
	keyword_as_func  goto 118
	subquery  goto 125
	unary_operator  goto 116
	column_name  goto 114
	case_expression  goto 119
	sql_id  goto 117

state 176
	condition:  value_expression IN.tuple 

	'('  shift 155
	.  error

	tuple  goto 252
	subquery  goto 125

state 177
	condition:  value_expression NOT.IN tuple 
	condition:  value_expression NOT.LIKE value_expression 
	condition:  value_expression NOT.BETWEEN value_expression AND value_expression 

	IN  shift 253
	LIKE  shift 254
	BETWEEN  shift 255
	.  error


state 178
	condition:  value_expression LIKE.value_expression 

	NULL  shift 124
	VALUES  shift 130
	ID  shift 80
	STRING  shift 121
	NUMBER  shift 122
	VALUE_ARG  shift 123
	'('  shift 155
	'~'  shift 128
	'+'  shift 126
	'-'  shift 127
	CASE  shift 131
	IF  shift 129
	.  error

	value  goto 113
	value_expression  goto 256
	tuple  goto 115
	keyword_as_func  goto 118
	subquery  goto 125
	unary_operator  goto 116
	column_name  goto 114
	case_expression  goto 119
	sql_id  goto 117

state 179
	condition:  value_expression BETWEEN.value_expression AND value_expression 

	NULL  shift 124
	VALUES  shift 130
	ID  shift 80
	STRING  shift 121
	NUMBER  shift 122
	VALUE_ARG  shift 123
	'('  shift 155
	'~'  shift 128
	'+'  shift 126
	'-'  shift 127
	CASE  shift 131
	IF  shift 129
	.  error

	value  goto 113
	value_expression  goto 257
	tuple  goto 115
	keyword_as_func  goto 118
	subquery  goto 125
	unary_operator  goto 116
	column_name  goto 114
	case_expression  goto 119
	sql_id  goto 117

state 180
	condition:  value_expression IS.NULL 
	condition:  value_expression IS.NOT NULL 

	NULL  shift 258
	NOT  shift 259
	.  error


state 181
	value_expression:  value_expression '&'.value_expression 

	NULL  shift 124
	VALUES  shift 130
	ID  shift 80
	STRING  shift 121
	NUMBER  shift 122
	VALUE_ARG  shift 123
	'('  shift 155
	'~'  shift 128
	'+'  shift 126
	'-'  shift 127
	CASE  shift 131
	IF  shift 129
	.  error

	value  goto 113
	value_expression  goto 260
	tuple  goto 115
	keyword_as_func  goto 118
	subquery  goto 125
	unary_operator  goto 116
	column_name  goto 114
	case_expression  goto 119
	sql_id  goto 117

state 182
	value_expression:  value_expression '|'.value_expression 

	NULL  shift 124
	VALUES  shift 130
	ID  shift 80
	STRING  shift 121
	NUMBER  shift 122
	VALUE_ARG  shift 123
	'('  shift 155
	'~'  shift 128
	'+'  shift 126
	'-'  shift 127
	CASE  shift 131
	IF  shift 129
	.  error

	value  goto 113
	value_expression  goto 261
	tuple  goto 115
	keyword_as_func  goto 118
	subquery  goto 125
	unary_operator  goto 116
	column_name  goto 114
	case_expression  goto 119
	sql_id  goto 117

state 183
	value_expression:  value_expression '^'.value_expression 

	NULL  shift 124
	VALUES  shift 130
	ID  shift 80
	STRING  shift 121
	NUMBER  shift 122
	VALUE_ARG  shift 123
	'('  shift 155
	'~'  shift 128
	'+'  shift 126
	'-'  shift 127
	CASE  shift 131
	IF  shift 129
	.  error

	value  goto 113
	value_expression  goto 262
	tuple  goto 115
	keyword_as_func  goto 118
	subquery  goto 125
	unary_operator  goto 116
	column_name  goto 114
	case_expression  goto 119
	sql_id  goto 117

state 184
	value_expression:  value_expression '+'.value_expression 

	NULL  shift 124
	VALUES  shift 130
	ID  shift 80
	STRING  shift 121
	NUMBER  shift 122
	VALUE_ARG  shift 123
	'('  shift 155
	'~'  shift 128
	'+'  shift 126
	'-'  shift 127
	CASE  shift 131
	IF  shift 129
	.  error

	value  goto 113
	value_expression  goto 263
	tuple  goto 115
	keyword_as_func  goto 118
	subquery  goto 125
	unary_operator  goto 116
	column_name  goto 114
	case_expression  goto 119
	sql_id  goto 117

state 185
	value_expression:  value_expression '-'.value_expression 

	NULL  shift 124
	VALUES  shift 130
	ID  shift 80
	STRING  shift 121
	NUMBER  shift 122
	VALUE_ARG  shift 123
	'('  shift 155
	'~'  shift 128
	'+'  shift 126
	'-'  shift 127
	CASE  shift 131
	IF  shift 129
	.  error

	value  goto 113
	value_expression  goto 264
	tuple  goto 115
	keyword_as_func  goto 118
	subquery  goto 125
	unary_operator  goto 116
	column_name  goto 114
	case_expression  goto 119
	sql_id  goto 117

state 186
	value_expression:  value_expression '*'.value_expression 

	NULL  shift 124
	VALUES  shift 130
	ID  shift 80
	STRING  shift 121
	NUMBER  shift 122
	VALUE_ARG  shift 123
	'('  shift 155
	'~'  shift 128
	'+'  shift 126
	'-'  shift 127
	CASE  shift 131
	IF  shift 129
	.  error

	value  goto 113
	value_expression  goto 265
	tuple  goto 115
	keyword_as_func  goto 118
	subquery  goto 125
	unary_operator  goto 116
	column_name  goto 114
	case_expression  goto 119
	sql_id  goto 117

state 187
	value_expression:  value_expression '/'.value_expression 

	NULL  shift 124
	VALUES  shift 130
	ID  shift 80
	STRING  shift 121
	NUMBER  shift 122
	VALUE_ARG  shift 123
	'('  shift 155
	'~'  shift 128
	'+'  shift 126
	'-'  shift 127
	CASE  shift 131
	IF  shift 129
	.  error

	value  goto 113
	value_expression  goto 266
	tuple  goto 115
	keyword_as_func  goto 118
	subquery  goto 125
	unary_operator  goto 116
	column_name  goto 114
	case_expression  goto 119
	sql_id  goto 117

state 188
	value_expression:  value_expression '%'.value_expression 

	NULL  shift 124
	VALUES  shift 130
	ID  shift 80
	STRING  shift 121
	NUMBER  shift 122
	VALUE_ARG  shift 123
	'('  shift 155
	'~'  shift 128
	'+'  shift 126
	'-'  shift 127
	CASE  shift 131
	IF  shift 129
	.  error

	value  goto 113
	value_expression  goto 267
	tuple  goto 115
	keyword_as_func  goto 118
	subquery  goto 125
	unary_operator  goto 116
	column_name  goto 114
	case_expression  goto 119
	sql_id  goto 117

state 189
	compare:  '='.    (121)

	.  reduce 121 (src line 689)


state 190
	compare:  '<'.    (122)

	.  reduce 122 (src line 694)


state 191
	compare:  '>'.    (123)

	.  reduce 123 (src line 698)


state 192
	compare:  LE.    (124)

	.  reduce 124 (src line 702)


state 193
	compare:  GE.    (125)

	.  reduce 125 (src line 706)


state 194
	compare:  NE.    (126)

	.  reduce 126 (src line 710)


state 195
	compare:  NULL_SAFE_EQUAL.    (127)

	.  reduce 127 (src line 714)


state 196
	boolean_expression:  boolean_expression.AND boolean_expression 
	boolean_expression:  boolean_expression.OR boolean_expression 
	boolean_expression:  NOT boolean_expression.    (109)

	.  reduce 109 (src line 638)


state 197
	boolean_expression:  boolean_expression.AND boolean_expression 
	boolean_expression:  boolean_expression.OR boolean_expression 
	boolean_expression:  '(' boolean_expression.')' 

	AND  shift 173
	OR  shift 174
	')'  shift 268
	.  error


state 198
	tuple:  '(' value_expression_list.')' 
	value_expression_list:  value_expression_list.',' value_expression 

	','  shift 238
	')'  shift 269
	.  error


state 199
	select_statement:  select_statement.union_op select_statement 
	subquery:  '(' select_statement.')' 

	UNION  shift 35
	MINUS  shift 36
	EXCEPT  shift 37
	INTERSECT  shift 38
	')'  shift 270
	.  error

	union_op  goto 34

state 200
	condition:  value_expression.compare value_expression 
	condition:  value_expression.IN tuple 
	condition:  value_expression.NOT IN tuple 
	condition:  value_expression.LIKE value_expression 
	condition:  value_expression.NOT LIKE value_expression 
	condition:  value_expression.BETWEEN value_expression AND value_expression 
	condition:  value_expression.NOT BETWEEN value_expression AND value_expression 
	condition:  value_expression.IS NULL 
	condition:  value_expression.IS NOT NULL 
	value_expression_list:  value_expression.    (135)
	value_expression:  value_expression.'&' value_expression 
	value_expression:  value_expression.'|' value_expression 
	value_expression:  value_expression.'^' value_expression 
	value_expression:  value_expression.'+' value_expression 
	value_expression:  value_expression.'-' value_expression 
	value_expression:  value_expression.'*' value_expression 
	value_expression:  value_expression.'/' value_expression 
	value_expression:  value_expression.'%' value_expression 

	IN  shift 176
	IS  shift 180
	LIKE  shift 178
	BETWEEN  shift 179
	LE  shift 192
	GE  shift 193
	NE  shift 194
	NULL_SAFE_EQUAL  shift 195
	'='  shift 189
	'<'  shift 190
	'>'  shift 191
	NOT  shift 177
	'&'  shift 181
	'|'  shift 182
	'^'  shift 183
	'+'  shift 184
	'-'  shift 185
	'*'  shift 186
	'/'  shift 187
	'%'  shift 188
	.  reduce 135 (src line 755)

	compare  goto 175

state 201
	value_expression:  value_expression.'&' value_expression 
	value_expression:  value_expression.'|' value_expression 
	value_expression:  value_expression.'^' value_expression 
	value_expression:  value_expression.'+' value_expression 
	value_expression:  value_expression.'-' value_expression 
	value_expression:  value_expression.'*' value_expression 
	value_expression:  value_expression.'/' value_expression 
	value_expression:  value_expression.'%' value_expression 
	value_expression:  unary_operator value_expression.    (148)

	.  reduce 148 (src line 810)


state 202
	value_expression:  sql_id '('.')' 
	value_expression:  sql_id '('.select_expression_list ')' 
	value_expression:  sql_id '('.DISTINCT select_expression_list ')' 

	DISTINCT  shift 273
	EXISTS  shift 120
	NULL  shift 124
	VALUES  shift 130
	ID  shift 107
	STRING  shift 121
	NUMBER  shift 122
	VALUE_ARG  shift 123
	'('  shift 112
	'~'  shift 128
	NOT  shift 111
	'+'  shift 126
	'-'  shift 127
	'*'  shift 105
	CASE  shift 131
	IF  shift 129
	')'  shift 271
	.  error

	select_expression_list  goto 272
	select_expression  goto 104
	expression  goto 106
	boolean_expression  goto 108
	condition  goto 110
	value  goto 113
	value_expression  goto 109
	tuple  goto 115
	keyword_as_func  goto 118
	subquery  goto 125
	unary_operator  goto 116
	column_name  goto 114
	case_expression  goto 119
	sql_id  goto 117

state 203
	value_expression:  keyword_as_func '('.select_expression_list ')' 

	EXISTS  shift 120
	NULL  shift 124
	VALUES  shift 130
	ID  shift 107
	STRING  shift 121
	NUMBER  shift 122
	VALUE_ARG  shift 123
	'('  shift 112
	'~'  shift 128
	NOT  shift 111
	'+'  shift 126
	'-'  shift 127
	'*'  shift 105
	CASE  shift 131
	IF  shift 129
	.  error

	select_expression_list  goto 274
	select_expression  goto 104
	expression  goto 106
	boolean_expression  goto 108
	condition  goto 110
	value  goto 113
	value_expression  goto 109
	tuple  goto 115
	keyword_as_func  goto 118
	subquery  goto 125
	unary_operator  goto 116
	column_name  goto 114
	case_expression  goto 119
	sql_id  goto 117

state 204
	condition:  EXISTS subquery.    (120)

	.  reduce 120 (src line 684)


state 205
	subquery:  '('.select_statement ')' 

	SELECT  shift 18
	.  error

	select_statement  goto 199

state 206
	case_expression:  CASE value_expression_opt.when_expression_list else_expression_opt END 

	WHEN  shift 277
	.  error

	when_expression_list  goto 275
	when_expression  goto 276

state 207
	value_expression:  value_expression.'&' value_expression 
	value_expression:  value_expression.'|' value_expression 
	value_expression:  value_expression.'^' value_expression 
	value_expression:  value_expression.'+' value_expression 
	value_expression:  value_expression.'-' value_expression 
	value_expression:  value_expression.'*' value_expression 
	value_expression:  value_expression.'/' value_expression 
	value_expression:  value_expression.'%' value_expression 
	value_expression_opt:  value_expression.    (161)

	'&'  shift 181
	'|'  shift 182
	'^'  shift 183
	'+'  shift 184
	'-'  shift 185
	'*'  shift 186
	'/'  shift 187
	'%'  shift 188
	.  reduce 161 (src line 880)


state 208
	insert_statement:  INSERT comment_opt INTO dml_table_expression column_list_opt.row_list on_dup_opt 

	SELECT  shift 18
	VALUES  shift 279
	.  error

	select_statement  goto 280
	row_list  goto 278

state 209
	insert_statement:  INSERT comment_opt INTO dml_table_expression SET.update_list on_dup_opt 

	ID  shift 80
	.  error

	column_name  goto 78
	update_list  goto 281
	update_expression  goto 77
	sql_id  goto 79

state 210
	column_list_opt:  '('.column_list ')' 

	ID  shift 80
	.  error

	column_name  goto 283
	column_list  goto 282
	sql_id  goto 79

state 211
	update_statement:  UPDATE comment_opt dml_table_expression SET update_list.where_expression_opt order_by_opt limit_opt 
	update_list:  update_list.',' update_expression 
	where_expression_opt: .    (99)

	WHERE  shift 214
	','  shift 137
	.  reduce 99 (src line 597)

	where_expression_opt  goto 284

state 212
	dml_table_expression:  ID '.' ID.    (92)

	.  reduce 92 (src line 565)


state 213
	delete_statement:  DELETE comment_opt FROM dml_table_expression where_expression_opt.order_by_opt limit_opt 
	order_by_opt: .    (177)

	ORDER  shift 286
	.  reduce 177 (src line 956)

	order_by_opt  goto 285

state 214
	where_expression_opt:  WHERE.boolean_expression 

	EXISTS  shift 120
	NULL  shift 124
	VALUES  shift 130
	ID  shift 80
	STRING  shift 121
	NUMBER  shift 122
	VALUE_ARG  shift 123
	'('  shift 112
	'~'  shift 128
	NOT  shift 111
	'+'  shift 126
	'-'  shift 127
	CASE  shift 131
	IF  shift 129
	.  error

	boolean_expression  goto 287
	condition  goto 110
	value  goto 113
	value_expression  goto 158
	tuple  goto 115
	keyword_as_func  goto 118
	subquery  goto 125
	unary_operator  goto 116
	column_name  goto 114
	case_expression  goto 119
	sql_id  goto 117

state 215
	update_list:  update_list ',' update_expression.    (198)

	.  reduce 198 (src line 1061)


state 216
	value_expression:  value_expression.'&' value_expression 
	value_expression:  value_expression.'|' value_expression 
	value_expression:  value_expression.'^' value_expression 
	value_expression:  value_expression.'+' value_expression 
	value_expression:  value_expression.'-' value_expression 
	value_expression:  value_expression.'*' value_expression 
	value_expression:  value_expression.'/' value_expression 
	value_expression:  value_expression.'%' value_expression 
	update_expression:  column_name '=' value_expression.    (199)

	'&'  shift 181
	'|'  shift 182
	'^'  shift 183
	'+'  shift 184
	'-'  shift 185
	'*'  shift 186
	'/'  shift 187
	'%'  shift 188
	.  reduce 199 (src line 1066)


state 217
	update_expression:  column_name '=' ON.    (200)

	.  reduce 200 (src line 1071)


state 218
	column_name:  ID '.' sql_id.    (168)

	.  reduce 168 (src line 915)


state 219
	create_statement:  CREATE DATABASE not_exists_opt ID force_eof.    (38)

	.  reduce 38 (src line 315)


state 220
	not_exists_opt:  IF NOT EXISTS.    (204)

	.  reduce 204 (src line 1084)


state 221
	create_statement:  CREATE TABLE not_exists_opt ID force_eof.    (39)

	.  reduce 39 (src line 320)


state 222
	create_statement:  CREATE constraint_opt INDEX sql_id using_opt.ON ID force_eof 

	ON  shift 288
	.  error


state 223
	using_opt:  USING.sql_id 

	ID  shift 65
	.  error

	sql_id  goto 289

state 224
	alter_statement:  ALTER ignore_opt TABLE ID non_rename_operation.force_eof 
	force_eof: .    (219)

	.  reduce 219 (src line 1125)

	force_eof  goto 290

state 225
	alter_statement:  ALTER ignore_opt TABLE ID RENAME.to_opt ID 
	to_opt: .    (212)

	TO  shift 292
	.  reduce 212 (src line 1104)

	to_opt  goto 291

state 226
	non_rename_operation:  ALTER.    (207)

	.  reduce 207 (src line 1092)


state 227
	non_rename_operation:  DEFAULT.    (208)

	.  reduce 208 (src line 1095)


state 228
	non_rename_operation:  DROP.    (209)

	.  reduce 209 (src line 1097)


state 229
	non_rename_operation:  ORDER.    (210)

	.  reduce 210 (src line 1099)


state 230
	non_rename_operation:  ID.    (211)

	.  reduce 211 (src line 1101)


state 231
	rename_statement:  RENAME TABLE ID TO ID.    (45)

	.  reduce 45 (src line 349)


state 232
	drop_statement:  DROP INDEX sql_id ON ID.    (47)

	.  reduce 47 (src line 360)


state 233
	drop_statement:  DROP VIEW exists_opt sql_id force_eof.    (48)

	.  reduce 48 (src line 365)


state 234
	replace_statement:  REPLACE comment_opt INTO dml_table_expression column_list_opt.row_list 

	SELECT  shift 18
	VALUES  shift 279
	.  error

	select_statement  goto 280
	row_list  goto 293

state 235
	replace_statement:  REPLACE comment_opt INTO dml_table_expression SET.update_list 

	ID  shift 80
	.  error

	column_name  goto 78
	update_list  goto 294
	update_expression  goto 77
	sql_id  goto 79

state 236
	show_statement:  SHOW PROXY sql_id from_opt like_or_where_opt.    (37)

	.  reduce 37 (src line 310)


state 237
	admin_statement:  ADMIN sql_id '(' value_expression_list ')'.    (31)

	.  reduce 31 (src line 283)


state 238
	value_expression_list:  value_expression_list ','.value_expression 

	NULL  shift 124
	VALUES  shift 130
	ID  shift 80
	STRING  shift 121
	NUMBER  shift 122
	VALUE_ARG  shift 123
	'('  shift 155
	'~'  shift 128
	'+'  shift 126
	'-'  shift 127
	CASE  shift 131
	IF  shift 129
	.  error

	value  goto 113
	value_expression  goto 295
	tuple  goto 115
	keyword_as_func  goto 118
	subquery  goto 125
	unary_operator  goto 116
	column_name  goto 114
	case_expression  goto 119
	sql_id  goto 117

state 239
	select_statement:  SELECT comment_opt distinct_opt select_expression_list FROM table_expression_list.where_expression_opt group_by_opt having_opt order_by_opt limit_opt lock_opt 
	table_expression_list:  table_expression_list.',' table_expression 
	where_expression_opt: .    (99)

	WHERE  shift 214
	','  shift 297
	.  reduce 99 (src line 597)

	where_expression_opt  goto 296

state 240
	table_expression_list:  table_expression.    (70)
	table_expression:  table_expression.join_type table_expression 
	table_expression:  table_expression.join_type table_expression ON boolean_expression 

	JOIN  shift 299
	STRAIGHT_JOIN  shift 300
	LEFT  shift 301
	RIGHT  shift 302
	INNER  shift 303
	CROSS  shift 304
	NATURAL  shift 305
	.  reduce 70 (src line 467)

	join_type  goto 298

state 241
	table_expression:  simple_table_expression.as_opt index_hint_list 
	as_opt: .    (76)

	AS  shift 308
	ID  shift 307
	.  reduce 76 (src line 495)

	as_opt  goto 306

state 242
	table_expression:  '('.table_expression ')' 
	subquery:  '('.select_statement ')' 

	SELECT  shift 18
	ID  shift 243
	'('  shift 242
	.  error

	select_statement  goto 199
	table_expression  goto 309
	simple_table_expression  goto 241
	subquery  goto 244

state 243
	simple_table_expression:  ID.    (88)
	simple_table_expression:  ID.'.' ID 

	'.'  shift 310
	.  reduce 88 (src line 546)


state 244
	simple_table_expression:  subquery.    (90)

	.  reduce 90 (src line 555)


state 245
	select_expression_list:  select_expression_list ',' select_expression.    (61)

	.  reduce 61 (src line 425)


state 246
	value_expression:  value_expression.'&' value_expression 
	value_expression:  value_expression.'|' value_expression 
	value_expression:  value_expression.'^' value_expression 
	value_expression:  value_expression.'+' value_expression 
	value_expression:  value_expression.'-' value_expression 
	value_expression:  value_expression.'*' value_expression 
	value_expression:  value_expression.'/' value_expression 
	value_expression:  value_expression.'%' value_expression 
	limit_opt:  LIMIT value_expression.    (186)
	limit_opt:  LIMIT value_expression.',' value_expression 

	','  shift 311
	'&'  shift 181
	'|'  shift 182
	'^'  shift 183
	'+'  shift 184
	'-'  shift 185
	'*'  shift 186
	'/'  shift 187
	'%'  shift 188
	.  reduce 186 (src line 998)


state 247
	as_lower_opt:  AS sql_id.    (69)

	.  reduce 69 (src line 462)


state 248
	select_expression:  ID '.' '*'.    (64)

	.  reduce 64 (src line 439)


state 249
	boolean_expression:  boolean_expression.AND boolean_expression 
	boolean_expression:  boolean_expression AND boolean_expression.    (107)
	boolean_expression:  boolean_expression.OR boolean_expression 

	.  reduce 107 (src line 630)


state 250
	boolean_expression:  boolean_expression.AND boolean_expression 
	boolean_expression:  boolean_expression.OR boolean_expression 
	boolean_expression:  boolean_expression OR boolean_expression.    (108)

	.  reduce 108 (src line 634)


state 251
	condition:  value_expression compare value_expression.    (111)
	value_expression:  value_expression.'&' value_expression 
	value_expression:  value_expression.'|' value_expression 
	value_expression:  value_expression.'^' value_expression 
	value_expression:  value_expression.'+' value_expression 
	value_expression:  value_expression.'-' value_expression 
	value_expression:  value_expression.'*' value_expression 
	value_expression:  value_expression.'/' value_expression 
	value_expression:  value_expression.'%' value_expression 

	'&'  shift 181
	'|'  shift 182
	'^'  shift 183
	'+'  shift 184
	'-'  shift 185
	'*'  shift 186
	'/'  shift 187
	'%'  shift 188
	.  reduce 111 (src line 647)


state 252
	condition:  value_expression IN tuple.    (112)

	.  reduce 112 (src line 652)


state 253
	condition:  value_expression NOT IN.tuple 

	'('  shift 155
	.  error

	tuple  goto 312
	subquery  goto 125

state 254
	condition:  value_expression NOT LIKE.value_expression 

	NULL  shift 124
	VALUES  shift 130
	ID  shift 80
	STRING  shift 121
	NUMBER  shift 122
	VALUE_ARG  shift 123
	'('  shift 155
	'~'  shift 128
	'+'  shift 126
	'-'  shift 127
	CASE  shift 131
	IF  shift 129
	.  error

	value  goto 113
	value_expression  goto 313
	tuple  goto 115
	keyword_as_func  goto 118
	subquery  goto 125
	unary_operator  goto 116
	column_name  goto 114
	case_expression  goto 119
	sql_id  goto 117

state 255
	condition:  value_expression NOT BETWEEN.value_expression AND value_expression 

	NULL  shift 124
	VALUES  shift 130
	ID  shift 80
	STRING  shift 121
	NUMBER  shift 122
	VALUE_ARG  shift 123
	'('  shift 155
	'~'  shift 128
	'+'  shift 126
	'-'  shift 127
	CASE  shift 131
	IF  shift 129
	.  error

	value  goto 113
	value_expression  goto 314
	tuple  goto 115
	keyword_as_func  goto 118
	subquery  goto 125
	unary_operator  goto 116
	column_name  goto 114
	case_expression  goto 119
	sql_id  goto 117

state 256
	condition:  value_expression LIKE value_expression.    (114)
	value_expression:  value_expression.'&' value_expression 
	value_expression:  value_expression.'|' value_expression 
	value_expression:  value_expression.'^' value_expression 
	value_expression:  value_expression.'+' value_expression 
	value_expression:  value_expression.'-' value_expression 
	value_expression:  value_expression.'*' value_expression 
	value_expression:  value_expression.'/' value_expression 
	value_expression:  value_expression.'%' value_expression 

	'&'  shift 181
	'|'  shift 182
	'^'  shift 183
	'+'  shift 184
	'-'  shift 185
	'*'  shift 186
	'/'  shift 187
	'%'  shift 188
	.  reduce 114 (src line 660)


state 257
	condition:  value_expression BETWEEN value_expression.AND value_expression 
	value_expression:  value_expression.'&' value_expression 
	value_expression:  value_expression.'|' value_expression 
	value_expression:  value_expression.'^' value_expression 
	value_expression:  value_expression.'+' value_expression 
	value_expression:  value_expression.'-' value_expression 
	value_expression:  value_expression.'*' value_expression 
	value_expression:  value_expression.'/' value_expression 
	value_expression:  value_expression.'%' value_expression 

	AND  shift 315
	'&'  shift 181
	'|'  shift 182
	'^'  shift 183
	'+'  shift 184
	'-'  shift 185
	'*'  shift 186
	'/'  shift 187
	'%'  shift 188
	.  error


state 258
	condition:  value_expression IS NULL.    (118)

	.  reduce 118 (src line 676)


state 259
	condition:  value_expression IS NOT.NULL 

	NULL  shift 316
	.  error


state 260
	value_expression:  value_expression.'&' value_expression 
	value_expression:  value_expression '&' value_expression.    (140)
	value_expression:  value_expression.'|' value_expression 
	value_expression:  value_expression.'^' value_expression 
	value_expression:  value_expression.'+' value_expression 
	value_expression:  value_expression.'-' value_expression 
	value_expression:  value_expression.'*' value_expression 
	value_expression:  value_expression.'/' value_expression 
	value_expression:  value_expression.'%' value_expression 

	'+'  shift 184
	'-'  shift 185
	'*'  shift 186
	'/'  shift 187
	'%'  shift 188
	.  reduce 140 (src line 778)


state 261
	value_expression:  value_expression.'&' value_expression 
	value_expression:  value_expression.'|' value_expression 
	value_expression:  value_expression '|' value_expression.    (141)
	value_expression:  value_expression.'^' value_expression 
	value_expression:  value_expression.'+' value_expression 
	value_expression:  value_expression.'-' value_expression 
	value_expression:  value_expression.'*' value_expression 
	value_expression:  value_expression.'/' value_expression 
	value_expression:  value_expression.'%' value_expression 

	'+'  shift 184
	'-'  shift 185
	'*'  shift 186
	'/'  shift 187
	'%'  shift 188
	.  reduce 141 (src line 782)


state 262
	value_expression:  value_expression.'&' value_expression 
	value_expression:  value_expression.'|' value_expression 
	value_expression:  value_expression.'^' value_expression 
	value_expression:  value_expression '^' value_expression.    (142)
	value_expression:  value_expression.'+' value_expression 
	value_expression:  value_expression.'-' value_expression 
	value_expression:  value_expression.'*' value_expression 
	value_expression:  value_expression.'/' value_expression 
	value_expression:  value_expression.'%' value_expression 

	'+'  shift 184
	'-'  shift 185
	'*'  shift 186
	'/'  shift 187
	'%'  shift 188
	.  reduce 142 (src line 786)


state 263
	value_expression:  value_expression.'&' value_expression 
	value_expression:  value_expression.'|' value_expression 
	value_expression:  value_expression.'^' value_expression 
	value_expression:  value_expression.'+' value_expression 
	value_expression:  value_expression '+' value_expression.    (143)
	value_expression:  value_expression.'-' value_expression 
	value_expression:  value_expression.'*' value_expression 
	value_expression:  value_expression.'/' value_expression 
	value_expression:  value_expression.'%' value_expression 

	'*'  shift 186
	'/'  shift 187
	'%'  shift 188
	.  reduce 143 (src line 790)


state 264
	value_expression:  value_expression.'&' value_expression 
	value_expression:  value_expression.'|' value_expression 
	value_expression:  value_expression.'^' value_expression 
	value_expression:  value_expression.'+' value_expression 
	value_expression:  value_expression.'-' value_expression 
	value_expression:  value_expression '-' value_expression.    (144)
	value_expression:  value_expression.'*' value_expression 
	value_expression:  value_expression.'/' value_expression 
	value_expression:  value_expression.'%' value_expression 

	'*'  shift 186
	'/'  shift 187
	'%'  shift 188
	.  reduce 144 (src line 794)


state 265
	value_expression:  value_expression.'&' value_expression 
	value_expression:  value_expression.'|' value_expression 
	value_expression:  value_expression.'^' value_expression 
	value_expression:  value_expression.'+' value_expression 
	value_expression:  value_expression.'-' value_expression 
	value_expression:  value_expression.'*' value_expression 
	value_expression:  value_expression '*' value_expression.    (145)
	value_expression:  value_expression.'/' value_expression 
	value_expression:  value_expression.'%' value_expression 

	.  reduce 145 (src line 798)


state 266
	value_expression:  value_expression.'&' value_expression 
	value_expression:  value_expression.'|' value_expression 
	value_expression:  value_expression.'^' value_expression 
	value_expression:  value_expression.'+' value_expression 
	value_expression:  value_expression.'-' value_expression 
	value_expression:  value_expression.'*' value_expression 
	value_expression:  value_expression.'/' value_expression 
	value_expression:  value_expression '/' value_expression.    (146)
	value_expression:  value_expression.'%' value_expression 

	.  reduce 146 (src line 802)


state 267
	value_expression:  value_expression.'&' value_expression 
	value_expression:  value_expression.'|' value_expression 
	value_expression:  value_expression.'^' value_expression 
	value_expression:  value_expression.'+' value_expression 
	value_expression:  value_expression.'-' value_expression 
	value_expression:  value_expression.'*' value_expression 
	value_expression:  value_expression.'/' value_expression 
	value_expression:  value_expression.'%' value_expression 
	value_expression:  value_expression '%' value_expression.    (147)

	.  reduce 147 (src line 806)


state 268
	boolean_expression:  '(' boolean_expression ')'.    (110)

	.  reduce 110 (src line 642)


state 269
	tuple:  '(' value_expression_list ')'.    (132)

	.  reduce 132 (src line 739)


state 270
	subquery:  '(' select_statement ')'.    (134)

	.  reduce 134 (src line 749)


state 271
	value_expression:  sql_id '(' ')'.    (149)

	.  reduce 149 (src line 825)


state 272
	select_expression_list:  select_expression_list.',' select_expression 
	value_expression:  sql_id '(' select_expression_list.')' 

	','  shift 167
	')'  shift 317
	.  error


state 273
	value_expression:  sql_id '(' DISTINCT.select_expression_list ')' 

	EXISTS  shift 120
	NULL  shift 124
	VALUES  shift 130
	ID  shift 107
	STRING  shift 121
	NUMBER  shift 122
	VALUE_ARG  shift 123
	'('  shift 112
	'~'  shift 128
	NOT  shift 111
	'+'  shift 126
	'-'  shift 127
	'*'  shift 105
	CASE  shift 131
	IF  shift 129
	.  error

	select_expression_list  goto 318
	select_expression  goto 104
	expression  goto 106
	boolean_expression  goto 108
	condition  goto 110
	value  goto 113
	value_expression  goto 109
	tuple  goto 115
	keyword_as_func  goto 118
	subquery  goto 125
	unary_operator  goto 116
	column_name  goto 114
	case_expression  goto 119
	sql_id  goto 117

state 274
	select_expression_list:  select_expression_list.',' select_expression 
	value_expression:  keyword_as_func '(' select_expression_list.')' 

	','  shift 167
	')'  shift 319
	.  error


state 275
	case_expression:  CASE value_expression_opt when_expression_list.else_expression_opt END 
	when_expression_list:  when_expression_list.when_expression 
	else_expression_opt: .    (165)

	WHEN  shift 277
	ELSE  shift 322
	.  reduce 165 (src line 901)

	when_expression  goto 321
	else_expression_opt  goto 320

state 276
	when_expression_list:  when_expression.    (162)

	.  reduce 162 (src line 885)


state 277
	when_expression:  WHEN.boolean_expression THEN value_expression 

	EXISTS  shift 120
	NULL  shift 124
	VALUES  shift 130
	ID  shift 80
	STRING  shift 121
	NUMBER  shift 122
	VALUE_ARG  shift 123
	'('  shift 112
	'~'  shift 128
	NOT  shift 111
	'+'  shift 126
	'-'  shift 127
	CASE  shift 131
	IF  shift 129
	.  error

	boolean_expression  goto 323
	condition  goto 110
	value  goto 113
	value_expression  goto 158
	tuple  goto 115
	keyword_as_func  goto 118
	subquery  goto 125
	unary_operator  goto 116
	column_name  goto 114
	case_expression  goto 119
	sql_id  goto 117

state 278
	insert_statement:  INSERT comment_opt INTO dml_table_expression column_list_opt row_list.on_dup_opt 
	on_dup_opt: .    (195)

	ON  shift 325
	.  reduce 195 (src line 1047)

	on_dup_opt  goto 324

state 279
	row_list:  VALUES.tuple_list 

	'('  shift 155
	.  error

	tuple  goto 327
	tuple_list  goto 326
	subquery  goto 125

state 280
	select_statement:  select_statement.union_op select_statement 
	row_list:  select_statement.    (129)

	UNION  shift 35
	MINUS  shift 36
	EXCEPT  shift 37
	INTERSECT  shift 38
	.  reduce 129 (src line 724)

	union_op  goto 34

state 281
	insert_statement:  INSERT comment_opt INTO dml_table_expression SET update_list.on_dup_opt 
	update_list:  update_list.',' update_expression 
	on_dup_opt: .    (195)

	','  shift 137
	ON  shift 325
	.  reduce 195 (src line 1047)

	on_dup_opt  goto 328

state 282
	column_list_opt:  '(' column_list.')' 
	column_list:  column_list.',' column_name 

	','  shift 330
	')'  shift 329
	.  error


state 283
	column_list:  column_name.    (193)

	.  reduce 193 (src line 1037)


state 284
	update_statement:  UPDATE comment_opt dml_table_expression SET update_list where_expression_opt.order_by_opt limit_opt 
	order_by_opt: .    (177)

	ORDER  shift 286
	.  reduce 177 (src line 956)

	order_by_opt  goto 331

state 285
	delete_statement:  DELETE comment_opt FROM dml_table_expression where_expression_opt order_by_opt.limit_opt 
	limit_opt: .    (185)

	LIMIT  shift 168
	.  reduce 185 (src line 994)

	limit_opt  goto 332

state 286
	order_by_opt:  ORDER.BY order_list 

	BY  shift 333
	.  error


state 287
	where_expression_opt:  WHERE boolean_expression.    (100)
	boolean_expression:  boolean_expression.AND boolean_expression 
	boolean_expression:  boolean_expression.OR boolean_expression 

	AND  shift 173
	OR  shift 174
	.  reduce 100 (src line 601)


state 288
	create_statement:  CREATE constraint_opt INDEX sql_id using_opt ON.ID force_eof 

	ID  shift 334
	.  error


state 289
	using_opt:  USING sql_id.    (217)

	.  reduce 217 (src line 1116)


state 290
	alter_statement:  ALTER ignore_opt TABLE ID non_rename_operation force_eof.    (42)

	.  reduce 42 (src line 334)


state 291
	alter_statement:  ALTER ignore_opt TABLE ID RENAME to_opt.ID 

	ID  shift 335
	.  error


state 292
	to_opt:  TO.    (213)

	.  reduce 213 (src line 1106)


state 293
	replace_statement:  REPLACE comment_opt INTO dml_table_expression column_list_opt row_list.    (22)

	.  reduce 22 (src line 225)


state 294
	replace_statement:  REPLACE comment_opt INTO dml_table_expression SET update_list.    (23)
	update_list:  update_list.',' update_expression 

	','  shift 137
	.  reduce 23 (src line 230)


state 295
	value_expression_list:  value_expression_list ',' value_expression.    (136)
	value_expression:  value_expression.'&' value_expression 
	value_expression:  value_expression.'|' value_expression 
	value_expression:  value_expression.'^' value_expression 
	value_expression:  value_expression.'+' value_expression 
	value_expression:  value_expression.'-' value_expression 
	value_expression:  value_expression.'*' value_expression 
	value_expression:  value_expression.'/' value_expression 
	value_expression:  value_expression.'%' value_expression 

	'&'  shift 181
	'|'  shift 182
	'^'  shift 183
	'+'  shift 184
	'-'  shift 185
	'*'  shift 186
	'/'  shift 187
	'%'  shift 188
	.  reduce 136 (src line 760)


state 296
	select_statement:  SELECT comment_opt distinct_opt select_expression_list FROM table_expression_list where_expression_opt.group_by_opt having_opt order_by_opt limit_opt lock_opt 
	group_by_opt: .    (173)

	GROUP  shift 337
	.  reduce 173 (src line 938)

	group_by_opt  goto 336

state 297
	table_expression_list:  table_expression_list ','.table_expression 

	ID  shift 243
	'('  shift 242
	.  error

	table_expression  goto 338
	simple_table_expression  goto 241
	subquery  goto 244

state 298
	table_expression:  table_expression join_type.table_expression 
	table_expression:  table_expression join_type.table_expression ON boolean_expression 

	ID  shift 243
	'('  shift 242
	.  error

	table_expression  goto 339
	simple_table_expression  goto 241
	subquery  goto 244

state 299
	join_type:  JOIN.    (79)

	.  reduce 79 (src line 508)


state 300
	join_type:  STRAIGHT_JOIN.    (80)

	.  reduce 80 (src line 513)


state 301
	join_type:  LEFT.JOIN 
	join_type:  LEFT.OUTER JOIN 

	JOIN  shift 340
	OUTER  shift 341
	.  error


state 302
	join_type:  RIGHT.JOIN 
	join_type:  RIGHT.OUTER JOIN 

	JOIN  shift 342
	OUTER  shift 343
	.  error


state 303
	join_type:  INNER.JOIN 

	JOIN  shift 344
	.  error


state 304
	join_type:  CROSS.JOIN 

	JOIN  shift 345
	.  error


state 305
	join_type:  NATURAL.JOIN 

	JOIN  shift 346
	.  error


state 306
	table_expression:  simple_table_expression as_opt.index_hint_list 
	index_hint_list: .    (93)

	USE  shift 348
	FORCE  shift 350
	IGNORE  shift 349
	.  reduce 93 (src line 570)

	index_hint_list  goto 347

state 307
	as_opt:  ID.    (77)

	.  reduce 77 (src line 499)


state 308
	as_opt:  AS.ID 

	ID  shift 351
	.  error


state 309
	table_expression:  '(' table_expression.')' 
	table_expression:  table_expression.join_type table_expression 
	table_expression:  table_expression.join_type table_expression ON boolean_expression 

	JOIN  shift 299
	STRAIGHT_JOIN  shift 300
	LEFT  shift 301
	RIGHT  shift 302
	INNER  shift 303
	CROSS  shift 304
	NATURAL  shift 305
	')'  shift 352
	.  error

	join_type  goto 298

state 310
	simple_table_expression:  ID '.'.ID 

	ID  shift 353
	.  error


state 311
	limit_opt:  LIMIT value_expression ','.value_expression 

	NULL  shift 124
	VALUES  shift 130
	ID  shift 80
	STRING  shift 121
	NUMBER  shift 122
	VALUE_ARG  shift 123
	'('  shift 155
	'~'  shift 128
	'+'  shift 126
	'-'  shift 127
	CASE  shift 131
	IF  shift 129
	.  error

	value  goto 113
	value_expression  goto 354
	tuple  goto 115
	keyword_as_func  goto 118
	subquery  goto 125
	unary_operator  goto 116
	column_name  goto 114
	case_expression  goto 119
	sql_id  goto 117

state 312
	condition:  value_expression NOT IN tuple.    (113)

	.  reduce 113 (src line 656)


state 313
	condition:  value_expression NOT LIKE value_expression.    (115)
	value_expression:  value_expression.'&' value_expression 
	value_expression:  value_expression.'|' value_expression 
	value_expression:  value_expression.'^' value_expression 
	value_expression:  value_expression.'+' value_expression 
	value_expression:  value_expression.'-' value_expression 
	value_expression:  value_expression.'*' value_expression 
	value_expression:  value_expression.'/' value_expression 
	value_expression:  value_expression.'%' value_expression 

	'&'  shift 181
	'|'  shift 182
	'^'  shift 183
	'+'  shift 184
	'-'  shift 185
	'*'  shift 186
	'/'  shift 187
	'%'  shift 188
	.  reduce 115 (src line 664)


state 314
	condition:  value_expression NOT BETWEEN value_expression.AND value_expression 
	value_expression:  value_expression.'&' value_expression 
	value_expression:  value_expression.'|' value_expression 
	value_expression:  value_expression.'^' value_expression 
	value_expression:  value_expression.'+' value_expression 
	value_expression:  value_expression.'-' value_expression 
	value_expression:  value_expression.'*' value_expression 
	value_expression:  value_expression.'/' value_expression 
	value_expression:  value_expression.'%' value_expression 

	AND  shift 355
	'&'  shift 181
	'|'  shift 182
	'^'  shift 183
	'+'  shift 184
	'-'  shift 185
	'*'  shift 186
	'/'  shift 187
	'%'  shift 188
	.  error


state 315
	condition:  value_expression BETWEEN value_expression AND.value_expression 

	NULL  shift 124
	VALUES  shift 130
	ID  shift 80
	STRING  shift 121
	NUMBER  shift 122
	VALUE_ARG  shift 123
	'('  shift 155
	'~'  shift 128
	'+'  shift 126
	'-'  shift 127
	CASE  shift 131
	IF  shift 129
	.  error

	value  goto 113
	value_expression  goto 356
	tuple  goto 115
	keyword_as_func  goto 118
	subquery  goto 125
	unary_operator  goto 116
	column_name  goto 114
	case_expression  goto 119
	sql_id  goto 117

state 316
	condition:  value_expression IS NOT NULL.    (119)

	.  reduce 119 (src line 680)


state 317
	value_expression:  sql_id '(' select_expression_list ')'.    (150)

	.  reduce 150 (src line 829)


state 318
	select_expression_list:  select_expression_list.',' select_expression 
	value_expression:  sql_id '(' DISTINCT select_expression_list.')' 

	','  shift 167
	')'  shift 357
	.  error


state 319
	value_expression:  keyword_as_func '(' select_expression_list ')'.    (152)

	.  reduce 152 (src line 837)


state 320
	case_expression:  CASE value_expression_opt when_expression_list else_expression_opt.END 

	END  shift 358
	.  error


state 321
	when_expression_list:  when_expression_list when_expression.    (163)

	.  reduce 163 (src line 890)


state 322
	else_expression_opt:  ELSE.value_expression 

	NULL  shift 124
	VALUES  shift 130
	ID  shift 80
	STRING  shift 121
	NUMBER  shift 122
	VALUE_ARG  shift 123
	'('  shift 155
	'~'  shift 128
	'+'  shift 126
	'-'  shift 127
	CASE  shift 131
	IF  shift 129
	.  error

	value  goto 113
	value_expression  goto 359
	tuple  goto 115
	keyword_as_func  goto 118
	subquery  goto 125
	unary_operator  goto 116
	column_name  goto 114
	case_expression  goto 119
	sql_id  goto 117

state 323
	boolean_expression:  boolean_expression.AND boolean_expression 
	boolean_expression:  boolean_expression.OR boolean_expression 
	when_expression:  WHEN boolean_expression.THEN value_expression 

	AND  shift 173
	OR  shift 174
	THEN  shift 360
	.  error


state 324
	insert_statement:  INSERT comment_opt INTO dml_table_expression column_list_opt row_list on_dup_opt.    (20)

	.  reduce 20 (src line 209)


state 325
	on_dup_opt:  ON.DUPLICATE KEY UPDATE update_list 

	DUPLICATE  shift 361
	.  error


state 326
	row_list:  VALUES tuple_list.    (128)
	tuple_list:  tuple_list.',' tuple 

	','  shift 362
	.  reduce 128 (src line 719)


state 327
	tuple_list:  tuple.    (130)

	.  reduce 130 (src line 729)


state 328
	insert_statement:  INSERT comment_opt INTO dml_table_expression SET update_list on_dup_opt.    (21)

	.  reduce 21 (src line 214)


state 329
	column_list_opt:  '(' column_list ')'.    (192)

	.  reduce 192 (src line 1032)


state 330
	column_list:  column_list ','.column_name 

	ID  shift 80
	.  error

	column_name  goto 363
	sql_id  goto 79

state 331
	update_statement:  UPDATE comment_opt dml_table_expression SET update_list where_expression_opt order_by_opt.limit_opt 
	limit_opt: .    (185)

	LIMIT  shift 168
	.  reduce 185 (src line 994)

	limit_opt  goto 364

state 332
	delete_statement:  DELETE comment_opt FROM dml_table_expression where_expression_opt order_by_opt limit_opt.    (25)

	.  reduce 25 (src line 248)


state 333
	order_by_opt:  ORDER BY.order_list 

	NULL  shift 124
	VALUES  shift 130
	ID  shift 80
	STRING  shift 121
	NUMBER  shift 122
	VALUE_ARG  shift 123
	'('  shift 155
	'~'  shift 128
	'+'  shift 126
	'-'  shift 127
	CASE  shift 131
	IF  shift 129
	.  error

	value  goto 113
	value_expression  goto 367
	tuple  goto 115
	keyword_as_func  goto 118
	subquery  goto 125
	unary_operator  goto 116
	column_name  goto 114
	case_expression  goto 119
	order_list  goto 365
	order  goto 366
	sql_id  goto 117

state 334
	create_statement:  CREATE constraint_opt INDEX sql_id using_opt ON ID.force_eof 
	force_eof: .    (219)

	.  reduce 219 (src line 1125)

	force_eof  goto 368

state 335
	alter_statement:  ALTER ignore_opt TABLE ID RENAME to_opt ID.    (43)

	.  reduce 43 (src line 339)


state 336
	select_statement:  SELECT comment_opt distinct_opt select_expression_list FROM table_expression_list where_expression_opt group_by_opt.having_opt order_by_opt limit_opt lock_opt 
	having_opt: .    (175)

	HAVING  shift 370
	.  reduce 175 (src line 947)

	having_opt  goto 369

state 337
	group_by_opt:  GROUP.BY value_expression_list 

	BY  shift 371
	.  error


state 338
	table_expression_list:  table_expression_list ',' table_expression.    (71)
	table_expression:  table_expression.join_type table_expression 
	table_expression:  table_expression.join_type table_expression ON boolean_expression 

	JOIN  shift 299
	STRAIGHT_JOIN  shift 300
	LEFT  shift 301
	RIGHT  shift 302
	INNER  shift 303
	CROSS  shift 304
	NATURAL  shift 305
	.  reduce 71 (src line 472)

	join_type  goto 298

state 339
	table_expression:  table_expression.join_type table_expression 
	table_expression:  table_expression join_type table_expression.    (74)
	table_expression:  table_expression.join_type table_expression ON boolean_expression 
	table_expression:  table_expression join_type table_expression.ON boolean_expression 

	ON  shift 372
	.  reduce 74 (src line 486)

	join_type  goto 298

state 340
	join_type:  LEFT JOIN.    (81)

	.  reduce 81 (src line 517)


state 341
	join_type:  LEFT OUTER.JOIN 

	JOIN  shift 373
	.  error


state 342
	join_type:  RIGHT JOIN.    (83)

	.  reduce 83 (src line 525)


state 343
	join_type:  RIGHT OUTER.JOIN 

	JOIN  shift 374
	.  error


state 344
	join_type:  INNER JOIN.    (85)

	.  reduce 85 (src line 533)


state 345
	join_type:  CROSS JOIN.    (86)

	.  reduce 86 (src line 537)


state 346
	join_type:  NATURAL JOIN.    (87)

	.  reduce 87 (src line 541)


state 347
	table_expression:  simple_table_expression as_opt index_hint_list.    (72)

	.  reduce 72 (src line 477)


state 348
	index_hint_list:  USE.INDEX '(' index_list ')' 

	INDEX  shift 375
	.  error


state 349
	index_hint_list:  IGNORE.INDEX '(' index_list ')' 

	INDEX  shift 376
	.  error


state 350
	index_hint_list:  FORCE.INDEX '(' index_list ')' 

	INDEX  shift 377
	.  error


state 351
	as_opt:  AS ID.    (78)

	.  reduce 78 (src line 503)


state 352
	table_expression:  '(' table_expression ')'.    (73)

	.  reduce 73 (src line 482)


state 353
	simple_table_expression:  ID '.' ID.    (89)

	.  reduce 89 (src line 551)


state 354
	value_expression:  value_expression.'&' value_expression 
	value_expression:  value_expression.'|' value_expression 
	value_expression:  value_expression.'^' value_expression 
	value_expression:  value_expression.'+' value_expression 
	value_expression:  value_expression.'-' value_expression 
	value_expression:  value_expression.'*' value_expression 
	value_expression:  value_expression.'/' value_expression 
	value_expression:  value_expression.'%' value_expression 
	limit_opt:  LIMIT value_expression ',' value_expression.    (187)

	'&'  shift 181
	'|'  shift 182
	'^'  shift 183
	'+'  shift 184
	'-'  shift 185
	'*'  shift 186
	'/'  shift 187
	'%'  shift 188
	.  reduce 187 (src line 1002)


state 355
	condition:  value_expression NOT BETWEEN value_expression AND.value_expression 

	NULL  shift 124
	VALUES  shift 130
	ID  shift 80
	STRING  shift 121
	NUMBER  shift 122
	VALUE_ARG  shift 123
	'('  shift 155
	'~'  shift 128
	'+'  shift 126
	'-'  shift 127
	CASE  shift 131
	IF  shift 129
	.  error

	value  goto 113
	value_expression  goto 378
	tuple  goto 115
	keyword_as_func  goto 118
	subquery  goto 125
	unary_operator  goto 116
	column_name  goto 114
	case_expression  goto 119
	sql_id  goto 117

state 356
	condition:  value_expression BETWEEN value_expression AND value_expression.    (116)
	value_expression:  value_expression.'&' value_expression 
	value_expression:  value_expression.'|' value_expression 
	value_expression:  value_expression.'^' value_expression 
	value_expression:  value_expression.'+' value_expression 
	value_expression:  value_expression.'-' value_expression 
	value_expression:  value_expression.'*' value_expression 
	value_expression:  value_expression.'/' value_expression 
	value_expression:  value_expression.'%' value_expression 

	'&'  shift 181
	'|'  shift 182
	'^'  shift 183
	'+'  shift 184
	'-'  shift 185
	'*'  shift 186
	'/'  shift 187
	'%'  shift 188
	.  reduce 116 (src line 668)


state 357
	value_expression:  sql_id '(' DISTINCT select_expression_list ')'.    (151)

	.  reduce 151 (src line 833)


state 358
	case_expression:  CASE value_expression_opt when_expression_list else_expression_opt END.    (159)

	.  reduce 159 (src line 870)


state 359
	value_expression:  value_expression.'&' value_expression 
	value_expression:  value_expression.'|' value_expression 
	value_expression:  value_expression.'^' value_expression 
	value_expression:  value_expression.'+' value_expression 
	value_expression:  value_expression.'-' value_expression 
	value_expression:  value_expression.'*' value_expression 
	value_expression:  value_expression.'/' value_expression 
	value_expression:  value_expression.'%' value_expression 
	else_expression_opt:  ELSE value_expression.    (166)

	'&'  shift 181
	'|'  shift 182
	'^'  shift 183
	'+'  shift 184
	'-'  shift 185
	'*'  shift 186
	'/'  shift 187
	'%'  shift 188
	.  reduce 166 (src line 905)


state 360
	when_expression:  WHEN boolean_expression THEN.value_expression 

	NULL  shift 124
	VALUES  shift 130
	ID  shift 80
	STRING  shift 121
	NUMBER  shift 122
	VALUE_ARG  shift 123
	'('  shift 155
	'~'  shift 128
	'+'  shift 126
	'-'  shift 127
	CASE  shift 131
	IF  shift 129
	.  error

	value  goto 113
	value_expression  goto 379
	tuple  goto 115
	keyword_as_func  goto 118
	subquery  goto 125
	unary_operator  goto 116
	column_name  goto 114
	case_expression  goto 119
	sql_id  goto 117

state 361
	on_dup_opt:  ON DUPLICATE.KEY UPDATE update_list 

	KEY  shift 380
	.  error


state 362
	tuple_list:  tuple_list ','.tuple 

	'('  shift 155
	.  error

	tuple  goto 381
	subquery  goto 125

state 363
	column_list:  column_list ',' column_name.    (194)

	.  reduce 194 (src line 1042)


state 364
	update_statement:  UPDATE comment_opt dml_table_expression SET update_list where_expression_opt order_by_opt limit_opt.    (24)

	.  reduce 24 (src line 242)


state 365
	order_by_opt:  ORDER BY order_list.    (178)
	order_list:  order_list.',' order 

	','  shift 382
	.  reduce 178 (src line 960)


state 366
	order_list:  order.    (179)

	.  reduce 179 (src line 965)


state 367
	value_expression:  value_expression.'&' value_expression 
	value_expression:  value_expression.'|' value_expression 
	value_expression:  value_expression.'^' value_expression 
	value_expression:  value_expression.'+' value_expression 
	value_expression:  value_expression.'-' value_expression 
	value_expression:  value_expression.'*' value_expression 
	value_expression:  value_expression.'/' value_expression 
	value_expression:  value_expression.'%' value_expression 
	order:  value_expression.asc_desc_opt 
	asc_desc_opt: .    (182)

	ASC  shift 384
	DESC  shift 385
	'&'  shift 181
	'|'  shift 182
	'^'  shift 183
	'+'  shift 184
	'-'  shift 185
	'*'  shift 186
	'/'  shift 187
	'%'  shift 188
	.  reduce 182 (src line 981)

	asc_desc_opt  goto 383

state 368
	create_statement:  CREATE constraint_opt INDEX sql_id using_opt ON ID force_eof.    (40)

	.  reduce 40 (src line 324)


state 369
	select_statement:  SELECT comment_opt distinct_opt select_expression_list FROM table_expression_list where_expression_opt group_by_opt having_opt.order_by_opt limit_opt lock_opt 
	order_by_opt: .    (177)

	ORDER  shift 286
	.  reduce 177 (src line 956)

	order_by_opt  goto 386

state 370
	having_opt:  HAVING.boolean_expression 

	EXISTS  shift 120
	NULL  shift 124
	VALUES  shift 130
	ID  shift 80
	STRING  shift 121
	NUMBER  shift 122
	VALUE_ARG  shift 123
	'('  shift 112
	'~'  shift 128
	NOT  shift 111
	'+'  shift 126
	'-'  shift 127
	CASE  shift 131
	IF  shift 129
	.  error

	boolean_expression  goto 387
	condition  goto 110
	value  goto 113
	value_expression  goto 158
	tuple  goto 115
	keyword_as_func  goto 118
	subquery  goto 125
	unary_operator  goto 116
	column_name  goto 114
	case_expression  goto 119
	sql_id  goto 117

state 371
	group_by_opt:  GROUP BY.value_expression_list 

	NULL  shift 124
	VALUES  shift 130
	ID  shift 80
	STRING  shift 121
	NUMBER  shift 122
	VALUE_ARG  shift 123
	'('  shift 155
	'~'  shift 128
	'+'  shift 126
	'-'  shift 127
	CASE  shift 131
	IF  shift 129
	.  error

	value  goto 113
	value_expression  goto 164
	tuple  goto 115
	value_expression_list  goto 388
	keyword_as_func  goto 118
	subquery  goto 125
	unary_operator  goto 116
	column_name  goto 114
	case_expression  goto 119
	sql_id  goto 117

state 372
	table_expression:  table_expression join_type table_expression ON.boolean_expression 

	EXISTS  shift 120
	NULL  shift 124
	VALUES  shift 130
	ID  shift 80
	STRING  shift 121
	NUMBER  shift 122
	VALUE_ARG  shift 123
	'('  shift 112
	'~'  shift 128
	NOT  shift 111
	'+'  shift 126
	'-'  shift 127
	CASE  shift 131
	IF  shift 129
	.  error

	boolean_expression  goto 389
	condition  goto 110
	value  goto 113
	value_expression  goto 158
	tuple  goto 115
	keyword_as_func  goto 118
	subquery  goto 125
	unary_operator  goto 116
	column_name  goto 114
	case_expression  goto 119
	sql_id  goto 117

state 373
	join_type:  LEFT OUTER JOIN.    (82)

	.  reduce 82 (src line 521)


state 374
	join_type:  RIGHT OUTER JOIN.    (84)

	.  reduce 84 (src line 529)


state 375
	index_hint_list:  USE INDEX.'(' index_list ')' 

	'('  shift 390
	.  error


state 376
	index_hint_list:  IGNORE INDEX.'(' index_list ')' 

	'('  shift 391
	.  error


state 377
	index_hint_list:  FORCE INDEX.'(' index_list ')' 

	'('  shift 392
	.  error


state 378
	condition:  value_expression NOT BETWEEN value_expression AND value_expression.    (117)
	value_expression:  value_expression.'&' value_expression 
	value_expression:  value_expression.'|' value_expression 
	value_expression:  value_expression.'^' value_expression 
	value_expression:  value_expression.'+' value_expression 
	value_expression:  value_expression.'-' value_expression 
	value_expression:  value_expression.'*' value_expression 
	value_expression:  value_expression.'/' value_expression 
	value_expression:  value_expression.'%' value_expression 

	'&'  shift 181
	'|'  shift 182
	'^'  shift 183
	'+'  shift 184
	'-'  shift 185
	'*'  shift 186
	'/'  shift 187
	'%'  shift 188
	.  reduce 117 (src line 672)


state 379
	value_expression:  value_expression.'&' value_expression 
	value_expression:  value_expression.'|' value_expression 
	value_expression:  value_expression.'^' value_expression 
	value_expression:  value_expression.'+' value_expression 
	value_expression:  value_expression.'-' value_expression 
	value_expression:  value_expression.'*' value_expression 
	value_expression:  value_expression.'/' value_expression 
	value_expression:  value_expression.'%' value_expression 
	when_expression:  WHEN boolean_expression THEN value_expression.    (164)

	'&'  shift 181
	'|'  shift 182
	'^'  shift 183
	'+'  shift 184
	'-'  shift 185
	'*'  shift 186
	'/'  shift 187
	'%'  shift 188
	.  reduce 164 (src line 895)


state 380
	on_dup_opt:  ON DUPLICATE KEY.UPDATE update_list 

	UPDATE  shift 393
	.  error


state 381
	tuple_list:  tuple_list ',' tuple.    (131)

	.  reduce 131 (src line 734)


state 382
	order_list:  order_list ','.order 

	NULL  shift 124
	VALUES  shift 130
	ID  shift 80
	STRING  shift 121
	NUMBER  shift 122
	VALUE_ARG  shift 123
	'('  shift 155
	'~'  shift 128
	'+'  shift 126
	'-'  shift 127
	CASE  shift 131
	IF  shift 129
	.  error

	value  goto 113
	value_expression  goto 367
	tuple  goto 115
	keyword_as_func  goto 118
	subquery  goto 125
	unary_operator  goto 116
	column_name  goto 114
	case_expression  goto 119
	order  goto 394
	sql_id  goto 117

state 383
	order:  value_expression asc_desc_opt.    (181)

	.  reduce 181 (src line 975)


state 384
	asc_desc_opt:  ASC.    (183)

	.  reduce 183 (src line 985)


state 385
	asc_desc_opt:  DESC.    (184)

	.  reduce 184 (src line 989)


state 386
	select_statement:  SELECT comment_opt distinct_opt select_expression_list FROM table_expression_list where_expression_opt group_by_opt having_opt order_by_opt.limit_opt lock_opt 
	limit_opt: .    (185)

	LIMIT  shift 168
	.  reduce 185 (src line 994)

	limit_opt  goto 395

state 387
	boolean_expression:  boolean_expression.AND boolean_expression 
	boolean_expression:  boolean_expression.OR boolean_expression 
	having_opt:  HAVING boolean_expression.    (176)

	AND  shift 173
	OR  shift 174
	.  reduce 176 (src line 951)


state 388
	value_expression_list:  value_expression_list.',' value_expression 
	group_by_opt:  GROUP BY value_expression_list.    (174)

	','  shift 238
	.  reduce 174 (src line 942)


state 389
	table_expression:  table_expression join_type table_expression ON boolean_expression.    (75)
	boolean_expression:  boolean_expression.AND boolean_expression 
	boolean_expression:  boolean_expression.OR boolean_expression 

	AND  shift 173
	OR  shift 174
	.  reduce 75 (src line 490)


state 390
	index_hint_list:  USE INDEX '('.index_list ')' 

	ID  shift 65
	.  error

	index_list  goto 396
	sql_id  goto 397

state 391
	index_hint_list:  IGNORE INDEX '('.index_list ')' 

	ID  shift 65
	.  error

	index_list  goto 398
	sql_id  goto 397

state 392
	index_hint_list:  FORCE INDEX '('.index_list ')' 

	ID  shift 65
	.  error

	index_list  goto 399
	sql_id  goto 397

state 393
	on_dup_opt:  ON DUPLICATE KEY UPDATE.update_list 

	ID  shift 80
	.  error

	column_name  goto 78
	update_list  goto 400
	update_expression  goto 77
	sql_id  goto 79

state 394
	order_list:  order_list ',' order.    (180)

	.  reduce 180 (src line 970)


state 395
	select_statement:  SELECT comment_opt distinct_opt select_expression_list FROM table_expression_list where_expression_opt group_by_opt having_opt order_by_opt limit_opt.lock_opt 
	lock_opt: .    (188)

	FOR  shift 402
	LOCK  shift 403
	.  reduce 188 (src line 1007)

	lock_opt  goto 401

state 396
	index_hint_list:  USE INDEX '(' index_list.')' 
	index_list:  index_list.',' sql_id 

	','  shift 405
	')'  shift 404
	.  error


state 397
	index_list:  sql_id.    (97)

	.  reduce 97 (src line 587)


state 398
	index_hint_list:  IGNORE INDEX '(' index_list.')' 
	index_list:  index_list.',' sql_id 

	','  shift 405
	')'  shift 406
	.  error


state 399
	index_hint_list:  FORCE INDEX '(' index_list.')' 
	index_list:  index_list.',' sql_id 

	','  shift 405
	')'  shift 407
	.  error


state 400
	on_dup_opt:  ON DUPLICATE KEY UPDATE update_list.    (196)
	update_list:  update_list.',' update_expression 

	','  shift 137
	.  reduce 196 (src line 1051)


state 401
	select_statement:  SELECT comment_opt distinct_opt select_expression_list FROM table_expression_list where_expression_opt group_by_opt having_opt order_by_opt limit_opt lock_opt.    (18)

	.  reduce 18 (src line 199)


state 402
	lock_opt:  FOR.UPDATE 

	UPDATE  shift 408
	.  error


state 403
	lock_opt:  LOCK.IN sql_id sql_id 

	IN  shift 409
	.  error


state 404
	index_hint_list:  USE INDEX '(' index_list ')'.    (94)

	.  reduce 94 (src line 574)


state 405
	index_list:  index_list ','.sql_id 

	ID  shift 65
	.  error

	sql_id  goto 410

state 406
	index_hint_list:  IGNORE INDEX '(' index_list ')'.    (95)

	.  reduce 95 (src line 578)


state 407
	index_hint_list:  FORCE INDEX '(' index_list ')'.    (96)

	.  reduce 96 (src line 582)


state 408
	lock_opt:  FOR UPDATE.    (189)

	.  reduce 189 (src line 1011)


state 409
	lock_opt:  LOCK IN.sql_id sql_id 

	ID  shift 65
	.  error

	sql_id  goto 411

state 410
	index_list:  index_list ',' sql_id.    (98)

	.  reduce 98 (src line 592)


state 411
	lock_opt:  LOCK IN sql_id.sql_id 

	ID  shift 65
	.  error

	sql_id  goto 412

state 412
	lock_opt:  LOCK IN sql_id sql_id.    (190)

	.  reduce 190 (src line 1015)


110 terminals, 78 nonterminals
220 grammar rules, 413/2000 states
0 shift/reduce, 0 reduce/reduce conflicts reported
127 working sets used
memory: parser 761/30000
264 extra closures
1117 shift entries, 1 exceptions
218 goto entries
419 entries saved by goto default
Optimizer space used: output 640/30000
640 table entries, 35 zero
maximum spread: 110, maximum offset: 411
